<?xml version="1.0" encoding="utf-8"?><testsuites name="pytest tests"><testsuite name="pytest" errors="0" failures="0" skipped="0" tests="98" time="3.312" timestamp="2026-08-10T14:43:44.580874+03:00" hostname="SHK-1196"><testcase classname="tests.unit.test_b5_contracts" name="test_b5_permissions_are_registered" time="0.004" /><testcase classname="tests.unit.test_b5_contracts" name="test_source_identity_is_deterministic_and_connection_specific" time="0.003" /><testcase classname="tests.unit.test_b5_contracts" name="test_discovery_type_normalization_fails_safe" time="0.003" /><testcase classname="tests.unit.test_b5_contracts" name="test_arbitrary_sql_quality_configuration_is_rejected" time="0.003" /><testcase classname="tests.unit.test_b5_contracts" name="test_dataset_create_requires_an_explicit_writable_destination_opt_in" time="0.003" /><testcase classname="tests.unit.test_b5_contracts" name="test_query_contract_rejects_raw_sql_and_malicious_keys" time="0.003" /><testcase classname="tests.unit.test_b5_contracts" name="test_identifier_quoting_escapes_metadata_names" time="0.003" /><testcase classname="tests.unit.test_b5_contracts" name="test_postgresql_compiler_binds_values_and_emits_one_read_only_select" time="0.230" /><testcase classname="tests.unit.test_b5_contracts" name="test_postgresql_compiler_emits_safe_ratio_metric" time="0.003" /><testcase classname="tests.unit.test_connection_security" name="test_authenticated_encryption_random_nonce_tamper_and_wrong_key" time="0.015" /><testcase classname="tests.unit.test_connection_security" name="test_connection_type_validation_separates_secrets_and_rejects_unknown_keys" time="0.002" /><testcase classname="tests.unit.test_connection_security" name="test_ssrf_policy_blocks_loopback_metadata_private_and_unsafe_schemes" time="0.025" /><testcase classname="tests.unit.test_connection_security" name="test_production_requires_connection_encryption_key" time="0.017" /><testcase classname="tests.unit.test_connection_security" name="test_structured_logging_recursively_redacts_secret_shaped_fields" time="0.003" /><testcase classname="tests.unit.test_connector_registry" name="test_catalog_is_broad_and_multi_category" time="0.002" /><testcase classname="tests.unit.test_connector_registry" name="test_every_definition_has_valid_metadata" time="0.002" /><testcase classname="tests.unit.test_connector_registry" name="test_only_usable_connectors_expose_a_real_schema" time="0.006" /><testcase classname="tests.unit.test_connector_registry" name="test_known_statuses_are_accurate" time="0.003" /><testcase classname="tests.unit.test_connector_registry" name="test_mysql_configuration_validation" time="0.002" /><testcase classname="tests.unit.test_connector_registry" name="test_unknown_and_planned_connectors_reject_configuration" time="0.002" /><testcase classname="tests.unit.test_connector_registry" name="test_new_connectors_validate_configuration_and_separate_secrets" time="0.003" /><testcase classname="tests.unit.test_connector_registry" name="test_new_connector_configs_reject_secrets_and_unknown_keys" time="0.003" /><testcase classname="tests.unit.test_formula_functions" name="test_catalog_is_expanded_and_well_formed" time="0.003" /><testcase classname="tests.unit.test_formula_functions" name="test_math_functions" time="0.004" /><testcase classname="tests.unit.test_formula_functions" name="test_math_domain_errors_return_null_not_crash" time="0.003" /><testcase classname="tests.unit.test_formula_functions" name="test_text_functions" time="0.003" /><testcase classname="tests.unit.test_formula_functions" name="test_logical_null_and_conversion" time="0.002" /><testcase classname="tests.unit.test_formula_functions" name="test_if_short_circuits_and_guards_division" time="0.003" /><testcase classname="tests.unit.test_formula_functions" name="test_existing_behaviour_preserved" time="0.003" /><testcase classname="tests.unit.test_formula_functions" name="test_and_or_not_operators" time="0.003" /><testcase classname="tests.unit.test_formula_functions" name="test_and_or_short_circuit" time="0.003" /><testcase classname="tests.unit.test_formula_functions" name="test_if_keyword_form_with_elseif" time="0.003" /><testcase classname="tests.unit.test_formula_functions" name="test_in_membership" time="0.002" /><testcase classname="tests.unit.test_formula_functions" name="test_date_extraction" time="0.002" /><testcase classname="tests.unit.test_formula_functions" name="test_date_arithmetic_and_formatting" time="0.007" /><testcase classname="tests.unit.test_formula_functions" name="test_now_and_today_are_available" time="0.003" /><testcase classname="tests.unit.test_pipeline_authorization_mapping" name="test_pipeline_level_order_is_viewer_operator_developer_owner" time="0.002" /><testcase classname="tests.unit.test_pipeline_authorization_mapping" name="test_role_level_maps_each_pipeline_permission" time="0.001" /><testcase classname="tests.unit.test_pipeline_authorization_mapping" name="test_role_level_takes_highest_when_multiple_permissions" time="0.002" /><testcase classname="tests.unit.test_pipeline_authorization_mapping" name="test_role_level_none_without_pipeline_permissions" time="0.003" /><testcase classname="tests.unit.test_pipeline_authorization_mapping" name="test_acl_grant_authorizes_exactly_its_band[viewer-expected_allowed0]" time="0.004" /><testcase classname="tests.unit.test_pipeline_authorization_mapping" name="test_acl_grant_authorizes_exactly_its_band[operator-expected_allowed1]" time="0.004" /><testcase classname="tests.unit.test_pipeline_authorization_mapping" name="test_acl_grant_authorizes_exactly_its_band[developer-expected_allowed2]" time="0.004" /><testcase classname="tests.unit.test_pipeline_authorization_mapping" name="test_acl_grant_authorizes_exactly_its_band[owner-expected_allowed3]" time="0.002" /><testcase classname="tests.unit.test_pipeline_authorization_mapping" name="test_role_operator_level_authorizes_operator_not_developer" time="0.001" /><testcase classname="tests.unit.test_pipeline_authorization_mapping" name="test_owner_flag_authorizes_all_levels" time="0.001" /><testcase classname="tests.unit.test_pipeline_authorization_mapping" name="test_viewer_deny_blocks_every_level" time="0.002" /><testcase classname="tests.unit.test_pipeline_authorization_mapping" name="test_developer_deny_blocks_developer_and_owner_only" time="0.002" /><testcase classname="tests.unit.test_pipeline_authorization_mapping" name="test_expired_allow_does_not_grant" time="0.002" /><testcase classname="tests.unit.test_pipeline_authorization_mapping" name="test_suspended_subject_denied_even_with_owner_grant" time="0.003" /><testcase classname="tests.unit.test_pipeline_authorization_mapping" name="test_entry_for_other_subject_is_ignored" time="0.002" /><testcase classname="tests.unit.test_pipeline_authorization_mapping" name="test_group_grant_applies_when_group_id_in_subject_ids" time="0.002" /><testcase classname="tests.unit.test_pipeline_execution_parity" name="test_select_keep_transform_matches_propagation" time="0.003" /><testcase classname="tests.unit.test_pipeline_execution_parity" name="test_select_remove_semantics_via_keep_list" time="0.001" /><testcase classname="tests.unit.test_pipeline_execution_parity" name="test_rename_transform_preserves_values_types_and_order" time="0.002" /><testcase classname="tests.unit.test_pipeline_execution_parity" name="test_select_then_rename_chain_parity" time="0.002" /><testcase classname="tests.unit.test_pipeline_execution_parity" name="test_rename_then_select_chain_parity" time="0.002" /><testcase classname="tests.unit.test_pipeline_schema_flow" name="test_select_keeps_requested_columns_in_config_order" time="0.002" /><testcase classname="tests.unit.test_pipeline_schema_flow" name="test_select_missing_column_is_structured_error" time="0.002" /><testcase classname="tests.unit.test_pipeline_schema_flow" name="test_select_duplicate_column_is_flagged" time="0.002" /><testcase classname="tests.unit.test_pipeline_schema_flow" name="test_select_zero_output_is_flagged" time="0.002" /><testcase classname="tests.unit.test_pipeline_schema_flow" name="test_rename_preserves_type_and_nullability" time="0.003" /><testcase classname="tests.unit.test_pipeline_schema_flow" name="test_rename_missing_source_is_error" time="0.004" /><testcase classname="tests.unit.test_pipeline_schema_flow" name="test_rename_invalid_target_name_is_error" time="0.002" /><testcase classname="tests.unit.test_pipeline_schema_flow" name="test_rename_empty_target_is_error" time="0.001" /><testcase classname="tests.unit.test_pipeline_schema_flow" name="test_rename_collision_with_existing_column_is_error" time="0.001" /><testcase classname="tests.unit.test_pipeline_schema_flow" name="test_propagation_source_to_select_to_rename" time="0.003" /><testcase classname="tests.unit.test_pipeline_schema_flow" name="test_propagation_detects_downstream_missing_column_after_select" time="0.003" /><testcase classname="tests.unit.test_pipeline_schema_flow" name="test_unknown_source_schema_skips_checks" time="0.002" /><testcase classname="tests.unit.test_pipeline_schema_flow" name="test_opaque_node_blocks_downstream_schema_inference" time="0.003" /><testcase classname="tests.unit.test_platform_admin" name="test_every_platform_route_requires_platform_admin" time="0.002" /><testcase classname="tests.unit.test_platform_admin" name="test_governance_route_policy_still_complete" time="0.018" /><testcase classname="tests.unit.test_platform_admin" name="test_platform_admin_gate_is_non_disclosing" time="0.013" /><testcase classname="tests.unit.test_platform_admin_schemas" name="test_org_member_requires_username_or_email" time="0.001" /><testcase classname="tests.unit.test_platform_admin_schemas" name="test_workspace_member_requires_identifier_and_role" time="0.001" /><testcase classname="tests.unit.test_platform_admin_schemas" name="test_admin_reset_password_enforces_minimum_length" time="0.001" /><testcase classname="tests.unit.test_platform_admin_schemas" name="test_update_user_rejects_unknown_fields_mass_assignment" time="0.001" /><testcase classname="tests.unit.test_platform_admin_schemas" name="test_update_user_empty_email_is_allowed_to_clear" time="0.001" /><testcase classname="tests.unit.test_platform_admin_schemas" name="test_create_workspace_slug_pattern" time="0.002" /><testcase classname="tests.unit.test_resource_access" name="test_no_grant_denies" time="0.002" /><testcase classname="tests.unit.test_resource_access" name="test_direct_grant_allows_at_or_above_requested_level" time="0.002" /><testcase classname="tests.unit.test_resource_access" name="test_grant_below_requested_level_denies" time="0.003" /><testcase classname="tests.unit.test_resource_access" name="test_group_grant_counts" time="0.002" /><testcase classname="tests.unit.test_resource_access" name="test_grant_for_other_subject_is_ignored" time="0.002" /><testcase classname="tests.unit.test_resource_access" name="test_role_derived_level_grants" time="0.003" /><testcase classname="tests.unit.test_resource_access" name="test_explicit_deny_overrides_grant" time="0.003" /><testcase classname="tests.unit.test_resource_access" name="test_deny_at_lower_level_blocks_higher_actions" time="0.003" /><testcase classname="tests.unit.test_resource_access" name="test_deny_of_higher_level_does_not_block_lower_action" time="0.003" /><testcase classname="tests.unit.test_resource_access" name="test_explicit_deny_overrides_super_admin" time="0.003" /><testcase classname="tests.unit.test_resource_access" name="test_super_admin_overrides_missing_grant" time="0.002" /><testcase classname="tests.unit.test_resource_access" name="test_suspended_subject_fails_closed_even_for_super_admin" time="0.002" /><testcase classname="tests.unit.test_resource_access" name="test_archived_workspace_blocks_normal_grant_but_not_super_admin" time="0.002" /><testcase classname="tests.unit.test_resource_access" name="test_owner_has_every_level" time="0.001" /><testcase classname="tests.unit.test_resource_access" name="test_expired_grant_is_ignored_and_explained" time="0.003" /><testcase classname="tests.unit.test_resource_access" name="test_active_grant_with_future_expiry_allows" time="0.003" /><testcase classname="tests.unit.test_resource_access" name="test_expired_deny_does_not_block" time="0.002" /><testcase classname="tests.unit.test_resource_access" name="test_pipeline_ladder_operator_cannot_develop" time="0.003" /><testcase classname="tests.unit.test_resource_access" name="test_unknown_resource_type_raises" time="0.002" /></testsuite></testsuites>