<?xml version="1.0" encoding="utf-8"?><testsuites name="pytest tests"><testsuite name="pytest" errors="0" failures="0" skipped="1" tests="265" time="12.518" timestamp="2026-08-10T14:44:07.236880+03:00" hostname="SHK-1196"><testcase classname="tests.integration.test_tenancy" name="test_workspace_make_default_delete_lifecycle_and_rbac" time="0.000"><skipped type="pytest.skip" message="set RUN_INTEGRATION_TESTS=1 to run integration tests">C:\Users\MahmoudAlmbaidin\Downloads\VIP\apps\api\tests\integration\test_tenancy.py:617: set RUN_INTEGRATION_TESTS=1 to run integration tests</skipped></testcase><testcase classname="tests.unit.test_application" name="test_application_factory_creates_app" time="0.004" /><testcase classname="tests.unit.test_application" name="test_health_is_live_without_starting_external_resources" time="0.012" /><testcase classname="tests.unit.test_application" name="test_metrics_are_prometheus_compatible_and_can_require_bearer_auth" time="0.059" /><testcase classname="tests.unit.test_application" name="test_version_schema" time="0.065" /><testcase classname="tests.unit.test_application" name="test_correlation_id_is_generated" time="0.058" /><testcase classname="tests.unit.test_application" name="test_valid_correlation_id_is_echoed" time="0.058" /><testcase classname="tests.unit.test_application" name="test_invalid_correlation_id_is_replaced" time="0.059" /><testcase classname="tests.unit.test_application" name="test_invalid_and_duplicate_tenant_headers_use_standard_error" time="0.060" /><testcase classname="tests.unit.test_application" name="test_cors_preflight_allows_frontend_context_and_csrf_headers" time="0.059" /><testcase classname="tests.unit.test_application" name="test_unknown_route_uses_standard_error" time="0.519" /><testcase classname="tests.unit.test_application" name="test_validation_error_uses_standard_error" time="0.381" /><testcase classname="tests.unit.test_application" name="test_unexpected_exception_is_safe" time="0.376" /><testcase classname="tests.unit.test_artifact_sanitizer" name="test_artifact_sanitizer_redacts_plain_files_and_trace_archives" time="0.031" /><testcase classname="tests.unit.test_artifact_sanitizer" name="test_artifact_sanitizer_redacts_dynamic_cookie_and_storage_canaries" time="0.042" /><testcase classname="tests.unit.test_auth_security" name="test_argon2id_hash_and_verification" time="0.207" /><testcase classname="tests.unit.test_auth_security" name="test_password_length_policy" time="0.055" /><testcase classname="tests.unit.test_auth_security" name="test_tokens_have_entropy_and_domain_separated_hashes" time="0.001" /><testcase classname="tests.unit.test_auth_security" name="test_production_requires_secure_auth_cookies" time="0.004" /><testcase classname="tests.unit.test_authorization_precedence" name="test_suspended_beats_everything_including_super_admin" time="0.000" /><testcase classname="tests.unit.test_authorization_precedence" name="test_explicit_deny_overrides_super_admin" time="0.000" /><testcase classname="tests.unit.test_authorization_precedence" name="test_super_admin_overrides_archived_workspace_and_missing_grant" time="0.000" /><testcase classname="tests.unit.test_authorization_precedence" name="test_archived_workspace_denies_non_super_admin_owner" time="0.000" /><testcase classname="tests.unit.test_authorization_precedence" name="test_ownership_grants_full_access" time="0.000" /><testcase classname="tests.unit.test_authorization_precedence" name="test_resource_allow_grants_up_to_level" time="0.000" /><testcase classname="tests.unit.test_authorization_precedence" name="test_role_grant_counts_as_allow" time="0.000" /><testcase classname="tests.unit.test_authorization_precedence" name="test_expired_allow_is_ignored_and_reported" time="0.000" /><testcase classname="tests.unit.test_authorization_precedence" name="test_deny_of_higher_level_does_not_block_lower_action" time="0.000" /><testcase classname="tests.unit.test_b5_contracts" name="test_b5_permissions_are_registered" time="0.000" /><testcase classname="tests.unit.test_b5_contracts" name="test_source_identity_is_deterministic_and_connection_specific" time="0.000" /><testcase classname="tests.unit.test_b5_contracts" name="test_discovery_type_normalization_fails_safe" time="0.000" /><testcase classname="tests.unit.test_b5_contracts" name="test_arbitrary_sql_quality_configuration_is_rejected" time="0.001" /><testcase classname="tests.unit.test_b5_contracts" name="test_dataset_create_requires_an_explicit_writable_destination_opt_in" time="0.000" /><testcase classname="tests.unit.test_b5_contracts" name="test_query_contract_rejects_raw_sql_and_malicious_keys" time="0.001" /><testcase classname="tests.unit.test_b5_contracts" name="test_identifier_quoting_escapes_metadata_names" time="0.000" /><testcase classname="tests.unit.test_b5_contracts" name="test_postgresql_compiler_binds_values_and_emits_one_read_only_select" time="0.046" /><testcase classname="tests.unit.test_b5_contracts" name="test_postgresql_compiler_emits_safe_ratio_metric" time="0.001" /><testcase classname="tests.unit.test_config" name="test_production_rejects_wildcard_hosts_and_origins" time="0.004" /><testcase classname="tests.unit.test_config" name="test_csv_settings_are_parsed" time="0.003" /><testcase classname="tests.unit.test_config" name="test_smtp_configuration_is_fail_closed" time="0.009" /><testcase classname="tests.unit.test_connection_security" name="test_authenticated_encryption_random_nonce_tamper_and_wrong_key" time="0.004" /><testcase classname="tests.unit.test_connection_security" name="test_connection_type_validation_separates_secrets_and_rejects_unknown_keys" time="0.001" /><testcase classname="tests.unit.test_connection_security" name="test_ssrf_policy_blocks_loopback_metadata_private_and_unsafe_schemes" time="0.006" /><testcase classname="tests.unit.test_connection_security" name="test_production_requires_connection_encryption_key" time="0.005" /><testcase classname="tests.unit.test_connection_security" name="test_structured_logging_recursively_redacts_secret_shaped_fields" time="0.001" /><testcase classname="tests.unit.test_connector_registry" name="test_catalog_is_broad_and_multi_category" time="0.001" /><testcase classname="tests.unit.test_connector_registry" name="test_every_definition_has_valid_metadata" time="0.001" /><testcase classname="tests.unit.test_connector_registry" name="test_only_usable_connectors_expose_a_real_schema" time="0.001" /><testcase classname="tests.unit.test_connector_registry" name="test_known_statuses_are_accurate" time="0.001" /><testcase classname="tests.unit.test_connector_registry" name="test_mysql_configuration_validation" time="0.001" /><testcase classname="tests.unit.test_connector_registry" name="test_unknown_and_planned_connectors_reject_configuration" time="0.000" /><testcase classname="tests.unit.test_connector_registry" name="test_new_connectors_validate_configuration_and_separate_secrets" time="0.001" /><testcase classname="tests.unit.test_connector_registry" name="test_new_connector_configs_reject_secrets_and_unknown_keys" time="0.000" /><testcase classname="tests.unit.test_dashboard_delivery" name="test_mixed_arabic_text_is_shaped_without_reversing_latin_text" time="0.002" /><testcase classname="tests.unit.test_dashboard_delivery" name="test_bidi_wrapping_preserves_every_logical_word" time="0.001" /><testcase classname="tests.unit.test_dashboard_delivery" name="test_export_number_and_conditional_formatting_matches_definition" time="0.000" /><testcase classname="tests.unit.test_dashboard_delivery" name="test_email_composition_preserves_attachments_and_hides_bcc" time="0.003" /><testcase classname="tests.unit.test_dashboard_delivery" name="test_renderers_produce_real_bounded_formats_without_query_metadata" time="0.124" /><testcase classname="tests.unit.test_dashboard_delivery" name="test_exports_preserve_the_published_definition_and_grid_contract" time="0.114" /><testcase classname="tests.unit.test_dashboard_delivery" name="test_csv_exports_available_widget_data_without_requiring_a_table" time="0.001" /><testcase classname="tests.unit.test_dashboard_delivery" name="test_csv_preserves_non_tabular_widget_without_result_rows" time="0.001" /><testcase classname="tests.unit.test_dashboard_delivery" name="test_csv_merges_multiple_tables_with_ordered_headers" time="0.000" /><testcase classname="tests.unit.test_dashboard_delivery" name="test_all_twenty_widget_types_render_and_preserve_definition" time="7.721" /><testcase classname="tests.unit.test_dashboard_delivery" name="test_chart_renderers_draw_configured_legends_and_axis_titles" time="0.018" /><testcase classname="tests.unit.test_dashboard_delivery" name="test_scheduler_supports_one_time_and_recurring_timezones" time="0.048" /><testcase classname="tests.unit.test_dashboard_delivery" name="test_cache_material_changes_for_every_security_scope" time="0.002" /><testcase classname="tests.unit.test_dashboard_delivery" name="test_download_token_is_bound_and_single_use" time="0.028" /><testcase classname="tests.unit.test_dashboards" name="test_layout_is_bounded_to_twelve_columns" time="0.001" /><testcase classname="tests.unit.test_dashboards" name="test_widget_contract_rejects_raw_sql_html_and_unknown_configuration" time="0.002" /><testcase classname="tests.unit.test_dashboards" name="test_api_accepts_every_widget_type_exposed_by_dashboard_studio" time="0.006" /><testcase classname="tests.unit.test_dashboards" name="test_aggregate_requires_unique_pages_and_bounds_widget_count" time="0.001" /><testcase classname="tests.unit.test_dashboards" name="test_stale_version_fails_with_stable_conflict" time="0.001" /><testcase classname="tests.unit.test_dataset_certification_schema" name="test_dataset_update_rejects_certification_status_field" time="0.001" /><testcase classname="tests.unit.test_dataset_certification_schema" name="test_certify_and_revoke_request_contracts" time="0.001" /><testcase classname="tests.unit.test_dataset_quality" name="test_supported_quality_rules_execute_and_never_report_false_passes[not_null-configuration0]" time="0.004" /><testcase classname="tests.unit.test_dataset_quality" name="test_supported_quality_rules_execute_and_never_report_false_passes[unique-configuration1]" time="0.005" /><testcase classname="tests.unit.test_dataset_quality" name="test_supported_quality_rules_execute_and_never_report_false_passes[accepted_values-configuration2]" time="0.004" /><testcase classname="tests.unit.test_dataset_quality" name="test_supported_quality_rules_execute_and_never_report_false_passes[range-configuration3]" time="0.004" /><testcase classname="tests.unit.test_dataset_quality" name="test_supported_quality_rules_execute_and_never_report_false_passes[regex-configuration4]" time="0.007" /><testcase classname="tests.unit.test_dataset_quality" name="test_supported_quality_rules_execute_and_never_report_false_passes[freshness-configuration5]" time="0.006" /><testcase classname="tests.unit.test_dataset_quality" name="test_custom_reference_uses_only_resolved_governed_identifiers" time="0.006" /><testcase classname="tests.unit.test_dataset_quality" name="test_invalid_rule_configuration_is_unknown_not_passing" time="0.011" /><testcase classname="tests.unit.test_delivery_scheduling.TestCronParsing" name="test_rejects_wrong_field_count" time="0.001" /><testcase classname="tests.unit.test_delivery_scheduling.TestCronParsing" name="test_rejects_out_of_range" time="0.001" /><testcase classname="tests.unit.test_delivery_scheduling.TestCronParsing" name="test_supports_lists_ranges_and_steps" time="0.001" /><testcase classname="tests.unit.test_delivery_scheduling.TestCronParsing" name="test_sunday_accepts_0_and_7" time="0.002" /><testcase classname="tests.unit.test_delivery_scheduling.TestNextCron" name="test_daily_utc" time="0.001" /><testcase classname="tests.unit.test_delivery_scheduling.TestNextCron" name="test_daily_rolls_to_next_day" time="0.002" /><testcase classname="tests.unit.test_delivery_scheduling.TestNextCron" name="test_timezone_offset_applied" time="0.001" /><testcase classname="tests.unit.test_delivery_scheduling.TestNextCron" name="test_step_minutes" time="0.002" /><testcase classname="tests.unit.test_delivery_scheduling.TestNextCron" name="test_monthly_first_day" time="0.003" /><testcase classname="tests.unit.test_delivery_scheduling.TestNextCron" name="test_weekday_monday" time="0.003" /><testcase classname="tests.unit.test_delivery_scheduling.TestNextCron" name="test_dom_or_dow_when_both_restricted" time="0.004" /><testcase classname="tests.unit.test_delivery_scheduling.TestIntervals" name="test_daily_interval_preserves_time_of_day" time="0.003" /><testcase classname="tests.unit.test_delivery_scheduling.TestIntervals" name="test_weekly_interval" time="0.001" /><testcase classname="tests.unit.test_delivery_scheduling.TestIntervals" name="test_monthly_is_calendar_aware" time="0.002" /><testcase classname="tests.unit.test_delivery_scheduling.TestIntervals" name="test_catch_up_collapses_missed_slots" time="0.002" /><testcase classname="tests.unit.test_delivery_scheduling.TestAdvance" name="test_one_time_does_not_recur" time="0.001" /><testcase classname="tests.unit.test_delivery_scheduling.TestAdvance" name="test_cron_advances_from_now" time="0.002" /><testcase classname="tests.unit.test_delivery_scheduling.TestAdvance" name="test_interval_advances_from_anchor" time="0.001" /><testcase classname="tests.unit.test_formula_functions" name="test_catalog_is_expanded_and_well_formed" time="0.001" /><testcase classname="tests.unit.test_formula_functions" name="test_math_functions" time="0.002" /><testcase classname="tests.unit.test_formula_functions" name="test_math_domain_errors_return_null_not_crash" time="0.001" /><testcase classname="tests.unit.test_formula_functions" name="test_text_functions" time="0.001" /><testcase classname="tests.unit.test_formula_functions" name="test_logical_null_and_conversion" time="0.001" /><testcase classname="tests.unit.test_formula_functions" name="test_if_short_circuits_and_guards_division" time="0.001" /><testcase classname="tests.unit.test_formula_functions" name="test_existing_behaviour_preserved" time="0.001" /><testcase classname="tests.unit.test_formula_functions" name="test_and_or_not_operators" time="0.001" /><testcase classname="tests.unit.test_formula_functions" name="test_and_or_short_circuit" time="0.001" /><testcase classname="tests.unit.test_formula_functions" name="test_if_keyword_form_with_elseif" time="0.003" /><testcase classname="tests.unit.test_formula_functions" name="test_in_membership" time="0.003" /><testcase classname="tests.unit.test_formula_functions" name="test_date_extraction" time="0.003" /><testcase classname="tests.unit.test_formula_functions" name="test_date_arithmetic_and_formatting" time="0.015" /><testcase classname="tests.unit.test_formula_functions" name="test_now_and_today_are_available" time="0.001" /><testcase classname="tests.unit.test_governance_policies" name="test_catalog_keys_and_mappings_are_deterministic" time="0.001" /><testcase classname="tests.unit.test_governance_policies" name="test_viewer_and_restricted_are_least_privilege" time="0.001" /><testcase classname="tests.unit.test_governance_policies" name="test_editor_and_admin_policy" time="0.001" /><testcase classname="tests.unit.test_governance_policies" name="test_every_versioned_route_declares_governance_policy" time="0.009" /><testcase classname="tests.unit.test_governance_policies" name="test_any_permission_uses_real_or_semantics" time="0.004" /><testcase classname="tests.unit.test_mysql_discovery" name="test_normalize_mysql_type_maps_known_and_unknown[INT-integer]" time="0.001" /><testcase classname="tests.unit.test_mysql_discovery" name="test_normalize_mysql_type_maps_known_and_unknown[tinyint-integer]" time="0.001" /><testcase classname="tests.unit.test_mysql_discovery" name="test_normalize_mysql_type_maps_known_and_unknown[bigint-integer]" time="0.002" /><testcase classname="tests.unit.test_mysql_discovery" name="test_normalize_mysql_type_maps_known_and_unknown[year-integer]" time="0.004" /><testcase classname="tests.unit.test_mysql_discovery" name="test_normalize_mysql_type_maps_known_and_unknown[decimal-decimal]" time="0.003" /><testcase classname="tests.unit.test_mysql_discovery" name="test_normalize_mysql_type_maps_known_and_unknown[double-decimal]" time="0.003" /><testcase classname="tests.unit.test_mysql_discovery" name="test_normalize_mysql_type_maps_known_and_unknown[float-decimal]" time="0.003" /><testcase classname="tests.unit.test_mysql_discovery" name="test_normalize_mysql_type_maps_known_and_unknown[bit-boolean]" time="0.003" /><testcase classname="tests.unit.test_mysql_discovery" name="test_normalize_mysql_type_maps_known_and_unknown[boolean-boolean]" time="0.003" /><testcase classname="tests.unit.test_mysql_discovery" name="test_normalize_mysql_type_maps_known_and_unknown[date-date]" time="0.001" /><testcase classname="tests.unit.test_mysql_discovery" name="test_normalize_mysql_type_maps_known_and_unknown[datetime-datetime]" time="0.001" /><testcase classname="tests.unit.test_mysql_discovery" name="test_normalize_mysql_type_maps_known_and_unknown[timestamp-datetime]" time="0.001" /><testcase classname="tests.unit.test_mysql_discovery" name="test_normalize_mysql_type_maps_known_and_unknown[time-time]" time="0.001" /><testcase classname="tests.unit.test_mysql_discovery" name="test_normalize_mysql_type_maps_known_and_unknown[blob-binary]" time="0.001" /><testcase classname="tests.unit.test_mysql_discovery" name="test_normalize_mysql_type_maps_known_and_unknown[varbinary-binary]" time="0.001" /><testcase classname="tests.unit.test_mysql_discovery" name="test_normalize_mysql_type_maps_known_and_unknown[json-json]" time="0.001" /><testcase classname="tests.unit.test_mysql_discovery" name="test_normalize_mysql_type_maps_known_and_unknown[varchar-string]" time="0.001" /><testcase classname="tests.unit.test_mysql_discovery" name="test_normalize_mysql_type_maps_known_and_unknown[enum-string]" time="0.001" /><testcase classname="tests.unit.test_mysql_discovery" name="test_normalize_mysql_type_maps_known_and_unknown[set-string]" time="0.001" /><testcase classname="tests.unit.test_mysql_discovery" name="test_normalize_mysql_type_maps_known_and_unknown[longtext-string]" time="0.001" /><testcase classname="tests.unit.test_mysql_discovery" name="test_normalize_mysql_type_maps_known_and_unknown[geometry-unknown]" time="0.001" /><testcase classname="tests.unit.test_mysql_discovery" name="test_normalize_mysql_type_is_case_insensitive" time="0.001" /><testcase classname="tests.unit.test_mysql_discovery" name="test_mysql_object_filter_respects_type_include_and_exclude" time="0.001" /><testcase classname="tests.unit.test_mysql_discovery" name="test_mysql_adapter_registered_in_discovery_registry" time="0.008" /><testcase classname="tests.unit.test_new_connector_testers" name="test_all_new_connectors_registered" time="0.013" /><testcase classname="tests.unit.test_new_connector_testers" name="test_tester_degrades_when_driver_missing[mssql-pytds-config0-creds0]" time="0.013" /><testcase classname="tests.unit.test_new_connector_testers" name="test_tester_degrades_when_driver_missing[snowflake-snowflake.connector-config1-creds1]" time="0.013" /><testcase classname="tests.unit.test_new_connector_testers" name="test_tester_degrades_when_driver_missing[bigquery-google.cloud.bigquery-config2-creds2]" time="0.012" /><testcase classname="tests.unit.test_new_connector_testers" name="test_tester_degrades_when_driver_missing[s3-boto3-config3-creds3]" time="0.016" /><testcase classname="tests.unit.test_new_connector_testers" name="test_s3_tester_success" time="0.014" /><testcase classname="tests.unit.test_new_connector_testers" name="test_s3_tester_maps_forbidden_to_auth_failure" time="0.014" /><testcase classname="tests.unit.test_operation_coverage" name="test_classification_does_not_claim_execution" time="0.006" /><testcase classname="tests.unit.test_operation_coverage" name="test_execution_evidence_must_cover_every_claimed_probe" time="0.004" /><testcase classname="tests.unit.test_operation_coverage" name="test_execution_evidence_rejects_unproven_dimensions" time="0.004" /><testcase classname="tests.unit.test_operation_coverage" name="test_complete_executable_evidence_is_reported_separately" time="0.015" /><testcase classname="tests.unit.test_pipeline_authorization_mapping" name="test_pipeline_level_order_is_viewer_operator_developer_owner" time="0.001" /><testcase classname="tests.unit.test_pipeline_authorization_mapping" name="test_role_level_maps_each_pipeline_permission" time="0.001" /><testcase classname="tests.unit.test_pipeline_authorization_mapping" name="test_role_level_takes_highest_when_multiple_permissions" time="0.001" /><testcase classname="tests.unit.test_pipeline_authorization_mapping" name="test_role_level_none_without_pipeline_permissions" time="0.001" /><testcase classname="tests.unit.test_pipeline_authorization_mapping" name="test_acl_grant_authorizes_exactly_its_band[viewer-expected_allowed0]" time="0.001" /><testcase classname="tests.unit.test_pipeline_authorization_mapping" name="test_acl_grant_authorizes_exactly_its_band[operator-expected_allowed1]" time="0.001" /><testcase classname="tests.unit.test_pipeline_authorization_mapping" name="test_acl_grant_authorizes_exactly_its_band[developer-expected_allowed2]" time="0.002" /><testcase classname="tests.unit.test_pipeline_authorization_mapping" name="test_acl_grant_authorizes_exactly_its_band[owner-expected_allowed3]" time="0.001" /><testcase classname="tests.unit.test_pipeline_authorization_mapping" name="test_role_operator_level_authorizes_operator_not_developer" time="0.001" /><testcase classname="tests.unit.test_pipeline_authorization_mapping" name="test_owner_flag_authorizes_all_levels" time="0.001" /><testcase classname="tests.unit.test_pipeline_authorization_mapping" name="test_viewer_deny_blocks_every_level" time="0.001" /><testcase classname="tests.unit.test_pipeline_authorization_mapping" name="test_developer_deny_blocks_developer_and_owner_only" time="0.001" /><testcase classname="tests.unit.test_pipeline_authorization_mapping" name="test_expired_allow_does_not_grant" time="0.001" /><testcase classname="tests.unit.test_pipeline_authorization_mapping" name="test_suspended_subject_denied_even_with_owner_grant" time="0.001" /><testcase classname="tests.unit.test_pipeline_authorization_mapping" name="test_entry_for_other_subject_is_ignored" time="0.001" /><testcase classname="tests.unit.test_pipeline_authorization_mapping" name="test_group_grant_applies_when_group_id_in_subject_ids" time="0.001" /><testcase classname="tests.unit.test_pipeline_execution_parity" name="test_select_keep_transform_matches_propagation" time="0.002" /><testcase classname="tests.unit.test_pipeline_execution_parity" name="test_select_remove_semantics_via_keep_list" time="0.001" /><testcase classname="tests.unit.test_pipeline_execution_parity" name="test_rename_transform_preserves_values_types_and_order" time="0.001" /><testcase classname="tests.unit.test_pipeline_execution_parity" name="test_select_then_rename_chain_parity" time="0.001" /><testcase classname="tests.unit.test_pipeline_execution_parity" name="test_rename_then_select_chain_parity" time="0.001" /><testcase classname="tests.unit.test_pipeline_schema_flow" name="test_select_keeps_requested_columns_in_config_order" time="0.002" /><testcase classname="tests.unit.test_pipeline_schema_flow" name="test_select_missing_column_is_structured_error" time="0.003" /><testcase classname="tests.unit.test_pipeline_schema_flow" name="test_select_duplicate_column_is_flagged" time="0.003" /><testcase classname="tests.unit.test_pipeline_schema_flow" name="test_select_zero_output_is_flagged" time="0.002" /><testcase classname="tests.unit.test_pipeline_schema_flow" name="test_rename_preserves_type_and_nullability" time="0.001" /><testcase classname="tests.unit.test_pipeline_schema_flow" name="test_rename_missing_source_is_error" time="0.001" /><testcase classname="tests.unit.test_pipeline_schema_flow" name="test_rename_invalid_target_name_is_error" time="0.001" /><testcase classname="tests.unit.test_pipeline_schema_flow" name="test_rename_empty_target_is_error" time="0.001" /><testcase classname="tests.unit.test_pipeline_schema_flow" name="test_rename_collision_with_existing_column_is_error" time="0.001" /><testcase classname="tests.unit.test_pipeline_schema_flow" name="test_propagation_source_to_select_to_rename" time="0.001" /><testcase classname="tests.unit.test_pipeline_schema_flow" name="test_propagation_detects_downstream_missing_column_after_select" time="0.001" /><testcase classname="tests.unit.test_pipeline_schema_flow" name="test_unknown_source_schema_skips_checks" time="0.001" /><testcase classname="tests.unit.test_pipeline_schema_flow" name="test_opaque_node_blocks_downstream_schema_inference" time="0.001" /><testcase classname="tests.unit.test_pipelines" name="test_safe_formula_parser_builds_ast_and_evaluates_without_eval" time="0.001" /><testcase classname="tests.unit.test_pipelines" name="test_formula_fields_and_allowlisted_functions" time="0.001" /><testcase classname="tests.unit.test_pipelines" name="test_pipeline_preserves_database_numerics_for_formulas" time="0.001" /><testcase classname="tests.unit.test_pipelines" name="test_row_validation_preserves_valid_rows_and_rejection_reasons" time="0.001" /><testcase classname="tests.unit.test_pipelines" name="test_formula_comparisons_coerce_mixed_numeric_types" time="0.001" /><testcase classname="tests.unit.test_pipelines" name="test_non_division_operations_do_not_evaluate_an_unused_division" time="0.001" /><testcase classname="tests.unit.test_pipelines" name="test_registry_contains_no_arbitrary_code_or_network_nodes" time="0.001" /><testcase classname="tests.unit.test_pipelines" name="test_source_dataset_schema_snapshot_is_strictly_validated" time="0.002" /><testcase classname="tests.unit.test_pipelines" name="test_artifact_storage_rejects_paths_and_token_is_tenant_bound" time="0.054" /><testcase classname="tests.unit.test_pipelines" name="test_pipeline_download_token_is_single_use_and_tenant_qualified" time="0.009" /><testcase classname="tests.unit.test_pipelines" name="test_pipeline_worker_renews_active_lease" time="0.317" /><testcase classname="tests.unit.test_platform_admin" name="test_every_platform_route_requires_platform_admin" time="0.001" /><testcase classname="tests.unit.test_platform_admin" name="test_governance_route_policy_still_complete" time="0.009" /><testcase classname="tests.unit.test_platform_admin" name="test_platform_admin_gate_is_non_disclosing" time="0.005" /><testcase classname="tests.unit.test_platform_admin_schemas" name="test_org_member_requires_username_or_email" time="0.001" /><testcase classname="tests.unit.test_platform_admin_schemas" name="test_workspace_member_requires_identifier_and_role" time="0.001" /><testcase classname="tests.unit.test_platform_admin_schemas" name="test_admin_reset_password_enforces_minimum_length" time="0.001" /><testcase classname="tests.unit.test_platform_admin_schemas" name="test_update_user_rejects_unknown_fields_mass_assignment" time="0.001" /><testcase classname="tests.unit.test_platform_admin_schemas" name="test_update_user_empty_email_is_allowed_to_clear" time="0.001" /><testcase classname="tests.unit.test_platform_admin_schemas" name="test_create_workspace_slug_pattern" time="0.001" /><testcase classname="tests.unit.test_platform_jobs_files_events" name="test_event_subscription_rate_limit_is_tenant_and_session_scoped" time="0.001" /><testcase classname="tests.unit.test_platform_jobs_files_events" name="test_retry_policies_are_bounded_and_deterministic" time="0.001" /><testcase classname="tests.unit.test_platform_jobs_files_events" name="test_filename_validation_blocks_traversal_and_disallowed_types" time="0.001" /><testcase classname="tests.unit.test_platform_jobs_files_events" name="test_renamed_executable_is_rejected_before_scanning" time="0.010" /><testcase classname="tests.unit.test_platform_jobs_files_events" name="test_defender_scan_is_non_remediating_and_fail_closed[0-clean]" time="0.014" /><testcase classname="tests.unit.test_platform_jobs_files_events" name="test_defender_scan_is_non_remediating_and_fail_closed[2-infected]" time="0.014" /><testcase classname="tests.unit.test_platform_jobs_files_events" name="test_defender_scan_is_non_remediating_and_fail_closed[1-error]" time="0.014" /><testcase classname="tests.unit.test_platform_jobs_files_events" name="test_clamav_scan_maps_protocol_responses_fail_closed[stream: OK\x00-clean-None]" time="0.019" /><testcase classname="tests.unit.test_platform_jobs_files_events" name="test_clamav_scan_maps_protocol_responses_fail_closed[stream: Eicar-Signature FOUND\x00-infected-Eicar-Signature]" time="0.019" /><testcase classname="tests.unit.test_platform_jobs_files_events" name="test_clamav_scan_maps_protocol_responses_fail_closed[stream: malformed\x00-error-None]" time="0.019" /><testcase classname="tests.unit.test_platform_jobs_files_events" name="test_clamav_scan_returns_error_when_service_is_unreachable" time="0.013" /><testcase classname="tests.unit.test_platform_jobs_files_events" name="test_clamav_scan_returns_error_on_timeout" time="0.027" /><testcase classname="tests.unit.test_platform_jobs_files_events" name="test_local_storage_never_allows_paths_outside_root" time="0.073" /><testcase classname="tests.unit.test_platform_jobs_files_events" name="test_event_stream_keys_are_tenant_and_workspace_qualified" time="0.001" /><testcase classname="tests.unit.test_platform_jobs_files_events" name="test_event_stream_resolves_dollar_once_and_preserves_order" time="0.004" /><testcase classname="tests.unit.test_platform_jobs_files_events" name="test_event_stream_reports_retention_gap_before_replay" time="0.004" /><testcase classname="tests.unit.test_platform_jobs_files_events" name="test_event_stream_turns_redis_read_timeout_into_heartbeat" time="0.004" /><testcase classname="tests.unit.test_platform_jobs_files_events" name="test_generic_worker_terminal_updates_require_active_owned_lease" time="0.002" /><testcase classname="tests.unit.test_platform_jobs_files_events" name="test_generic_worker_honors_cancellation_after_handler_completion" time="0.007" /><testcase classname="tests.unit.test_readiness" name="test_ready_when_all_dependencies_are_healthy" time="0.139" /><testcase classname="tests.unit.test_readiness" name="test_not_ready_when_database_is_unavailable" time="0.117" /><testcase classname="tests.unit.test_readiness" name="test_not_ready_when_redis_is_unavailable" time="0.131" /><testcase classname="tests.unit.test_readiness" name="test_readiness_failure_does_not_expose_secrets" time="0.129" /><testcase classname="tests.unit.test_resource_access" name="test_no_grant_denies" time="0.002" /><testcase classname="tests.unit.test_resource_access" name="test_direct_grant_allows_at_or_above_requested_level" time="0.001" /><testcase classname="tests.unit.test_resource_access" name="test_grant_below_requested_level_denies" time="0.001" /><testcase classname="tests.unit.test_resource_access" name="test_group_grant_counts" time="0.001" /><testcase classname="tests.unit.test_resource_access" name="test_grant_for_other_subject_is_ignored" time="0.001" /><testcase classname="tests.unit.test_resource_access" name="test_role_derived_level_grants" time="0.001" /><testcase classname="tests.unit.test_resource_access" name="test_explicit_deny_overrides_grant" time="0.001" /><testcase classname="tests.unit.test_resource_access" name="test_deny_at_lower_level_blocks_higher_actions" time="0.001" /><testcase classname="tests.unit.test_resource_access" name="test_deny_of_higher_level_does_not_block_lower_action" time="0.001" /><testcase classname="tests.unit.test_resource_access" name="test_explicit_deny_overrides_super_admin" time="0.001" /><testcase classname="tests.unit.test_resource_access" name="test_super_admin_overrides_missing_grant" time="0.001" /><testcase classname="tests.unit.test_resource_access" name="test_suspended_subject_fails_closed_even_for_super_admin" time="0.001" /><testcase classname="tests.unit.test_resource_access" name="test_archived_workspace_blocks_normal_grant_but_not_super_admin" time="0.001" /><testcase classname="tests.unit.test_resource_access" name="test_owner_has_every_level" time="0.001" /><testcase classname="tests.unit.test_resource_access" name="test_expired_grant_is_ignored_and_explained" time="0.001" /><testcase classname="tests.unit.test_resource_access" name="test_active_grant_with_future_expiry_allows" time="0.001" /><testcase classname="tests.unit.test_resource_access" name="test_expired_deny_does_not_block" time="0.001" /><testcase classname="tests.unit.test_resource_access" name="test_pipeline_ladder_operator_cannot_develop" time="0.001" /><testcase classname="tests.unit.test_resource_access" name="test_unknown_resource_type_raises" time="0.001" /><testcase classname="tests.unit.test_resource_access_service" name="test_resource_types_cover_all_specs" time="0.001" /><testcase classname="tests.unit.test_resource_access_service" name="test_levels_for_matches_ladder" time="0.001" /><testcase classname="tests.unit.test_resource_access_service" name="test_validate_level_rejects_unknown" time="0.001" /><testcase classname="tests.unit.test_resource_access_service" name="test_spec_for_unknown_raises" time="0.001" /><testcase classname="tests.unit.test_resource_access_service" name="test_role_level[dashboard-permissions0-view]" time="0.002" /><testcase classname="tests.unit.test_resource_access_service" name="test_role_level[dashboard-permissions1-edit]" time="0.002" /><testcase classname="tests.unit.test_resource_access_service" name="test_role_level[dashboard-permissions2-manage]" time="0.002" /><testcase classname="tests.unit.test_resource_access_service" name="test_role_level[pipeline-permissions3-viewer]" time="0.002" /><testcase classname="tests.unit.test_resource_access_service" name="test_role_level[pipeline-permissions4-operator]" time="0.002" /><testcase classname="tests.unit.test_resource_access_service" name="test_role_level[connection-permissions5-use]" time="0.002" /><testcase classname="tests.unit.test_resource_access_service" name="test_role_level[connection-permissions6-manage]" time="0.002" /><testcase classname="tests.unit.test_resource_access_service" name="test_role_level[dashboard-permissions7-None]" time="0.001" /><testcase classname="tests.unit.test_resource_access_service" name="test_can_manage_resource_owner" time="0.001" /><testcase classname="tests.unit.test_resource_access_service" name="test_can_manage_resource_permission" time="0.001" /><testcase classname="tests.unit.test_resource_access_service" name="test_can_manage_resource_denied" time="0.001" /></testsuite></testsuites>