{"numTotalTestSuites":98,"numPassedTestSuites":98,"numFailedTestSuites":0,"numPendingTestSuites":0,"numTotalTests":303,"numPassedTests":303,"numFailedTests":0,"numPendingTests":0,"numTodoTests":0,"snapshot":{"added":0,"failure":false,"filesAdded":0,"filesRemoved":0,"filesRemovedList":[],"filesUnmatched":0,"filesUpdated":0,"matched":0,"total":0,"unchecked":0,"uncheckedKeysByFile":[],"unmatched":0,"updated":0,"didUpdate":false},"startTime":1786362151917,"success":true,"testResults":[{"assertionResults":[{"ancestorTitles":["AI preview production disposition"],"fullName":"AI preview production disposition never exposes incomplete AI navigation in live mode (flag=false entitlement=false)","status":"passed","title":"never exposes incomplete AI navigation in live mode (flag=false entitlement=false)","duration":2.5887999999995372,"failureMessages":[],"meta":{},"tags":[]},{"ancestorTitles":["AI preview production disposition"],"fullName":"AI preview production disposition never exposes incomplete AI navigation in live mode (flag=true entitlement=false)","status":"passed","title":"never exposes incomplete AI navigation in live mode (flag=true entitlement=false)","duration":0.2613000000001193,"failureMessages":[],"meta":{},"tags":[]},{"ancestorTitles":["AI preview production disposition"],"fullName":"AI preview production disposition never exposes incomplete AI navigation in live mode (flag=false entitlement=true)","status":"passed","title":"never exposes incomplete AI navigation in live mode (flag=false entitlement=true)","duration":0.185300000001007,"failureMessages":[],"meta":{},"tags":[]},{"ancestorTitles":["AI preview production disposition"],"fullName":"AI preview production disposition never exposes incomplete AI navigation in live mode (flag=true entitlement=true)","status":"passed","title":"never exposes incomplete AI navigation in live mode (flag=true entitlement=true)","duration":0.3872000000010303,"failureMessages":[],"meta":{},"tags":[]},{"ancestorTitles":["AI preview production disposition"],"fullName":"AI preview production disposition requires both flag and entitlement in permitted development mock mode","status":"passed","title":"requires both flag and entitlement in permitted development mock mode","duration":0.4488999999994121,"failureMessages":[],"meta":{},"tags":[]}],"startTime":1786362197860,"endTime":1786362197864.449,"status":"passed","message":"","name":"C:/Users/MahmoudAlmbaidin/Downloads/VIP/src/app/navigation.spec.ts"},{"assertionResults":[{"ancestorTitles":["live access-control service"],"fullName":"live access-control service lists groups with the include_archived query flag","status":"passed","title":"lists groups with the include_archived query flag","duration":12.857099999999264,"failureMessages":[],"meta":{},"tags":[]},{"ancestorTitles":["live access-control service"],"fullName":"live access-control service creates a group with name and description","status":"passed","title":"creates a group with name and description","duration":2.128099999999904,"failureMessages":[],"meta":{},"tags":[]},{"ancestorTitles":["live access-control service"],"fullName":"live access-control service sends optimistic version on update and archive","status":"passed","title":"sends optimistic version on update and archive","duration":2.5054000000000087,"failureMessages":[],"meta":{},"tags":[]},{"ancestorTitles":["live access-control service"],"fullName":"live access-control service deletes a group with the expected_version guard in the query string","status":"passed","title":"deletes a group with the expected_version guard in the query string","duration":1.2764999999999418,"failureMessages":[],"meta":{},"tags":[]},{"ancestorTitles":["live access-control service"],"fullName":"live access-control service manages group membership","status":"passed","title":"manages group membership","duration":1.7135999999991327,"failureMessages":[],"meta":{},"tags":[]},{"ancestorTitles":["live access-control service"],"fullName":"live access-control service searches principals by query","status":"passed","title":"searches principals by query","duration":1.3182999999989988,"failureMessages":[],"meta":{},"tags":[]},{"ancestorTitles":["live access-control service"],"fullName":"live access-control service grants and revokes resource access","status":"passed","title":"grants and revokes resource access","duration":22.096299999999246,"failureMessages":[],"meta":{},"tags":[]},{"ancestorTitles":["live access-control service"],"fullName":"live access-control service computes effective access and simulates a specific user","status":"passed","title":"computes effective access and simulates a specific user","duration":1.1575000000011642,"failureMessages":[],"meta":{},"tags":[]},{"ancestorTitles":["live access-control service"],"fullName":"live access-control service searches resources for the tenant-scoped picker","status":"passed","title":"searches resources for the tenant-scoped picker","duration":0.7998999999999796,"failureMessages":[],"meta":{},"tags":[]},{"ancestorTitles":["live access-control service"],"fullName":"live access-control service loads the authoritative permission catalog and role list","status":"passed","title":"loads the authoritative permission catalog and role list","duration":1.1278999999994994,"failureMessages":[],"meta":{},"tags":[]},{"ancestorTitles":["live access-control service"],"fullName":"live access-control service creates, clones, archives, and deletes custom roles with guards","status":"passed","title":"creates, clones, archives, and deletes custom roles with guards","duration":1.5063000000009197,"failureMessages":[],"meta":{},"tags":[]},{"ancestorTitles":["live access-control service"],"fullName":"live access-control service assigns, bulk-assigns, and unassigns roles","status":"passed","title":"assigns, bulk-assigns, and unassigns roles","duration":1.2145000000000437,"failureMessages":[],"meta":{},"tags":[]}],"startTime":1786362188930,"endTime":1786362188980.2146,"status":"passed","message":"","name":"C:/Users/MahmoudAlmbaidin/Downloads/VIP/src/modules/access/access.service.spec.ts"},{"assertionResults":[{"ancestorTitles":["dashboard widget persistence parity"],"fullName":"dashboard widget persistence parity round-trips every layout, filter, formatting, and interaction field","status":"passed","title":"round-trips every layout, filter, formatting, and interaction field","duration":13.285299999999552,"failureMessages":[],"meta":{},"tags":[]}],"startTime":1786362194795,"endTime":1786362194808.2854,"status":"passed","message":"","name":"C:/Users/MahmoudAlmbaidin/Downloads/VIP/src/modules/dashboards/dashboards.service.spec.ts"},{"assertionResults":[{"ancestorTitles":["Dashboard Studio save coordinator behavior"],"fullName":"Dashboard Studio save coordinator behavior joins concurrent saves and preserves edits made while persistence is in flight","status":"passed","title":"joins concurrent saves and preserves edits made while persistence is in flight","duration":438.41519999999946,"failureMessages":[],"meta":{},"tags":[]},{"ancestorTitles":["Dashboard Studio save coordinator behavior"],"fullName":"Dashboard Studio save coordinator behavior does not navigate after a failed create and preserves dirty state","status":"passed","title":"does not navigate after a failed create and preserves dirty state","duration":279.60020000000077,"failureMessages":[],"meta":{},"tags":[]},{"ancestorTitles":["Dashboard Studio save coordinator behavior"],"fullName":"Dashboard Studio save coordinator behavior preserves dirty update state after HTTP 422","status":"passed","title":"preserves dirty update state after HTTP 422","duration":167.0663999999997,"failureMessages":[],"meta":{},"tags":[]},{"ancestorTitles":["Dashboard Studio save coordinator behavior"],"fullName":"Dashboard Studio save coordinator behavior preserves dirty update state after HTTP 500","status":"passed","title":"preserves dirty update state after HTTP 500","duration":101.37380000000121,"failureMessages":[],"meta":{},"tags":[]},{"ancestorTitles":["Dashboard Studio save coordinator behavior"],"fullName":"Dashboard Studio save coordinator behavior surfaces a 409 conflict without overwriting local edits","status":"passed","title":"surfaces a 409 conflict without overwriting local edits","duration":78.6234000000004,"failureMessages":[],"meta":{},"tags":[]},{"ancestorTitles":["Dashboard Studio save coordinator behavior"],"fullName":"Dashboard Studio save coordinator behavior stops publish when its prerequisite save fails","status":"passed","title":"stops publish when its prerequisite save fails","duration":53.87359999999899,"failureMessages":[],"meta":{},"tags":[]},{"ancestorTitles":["Dashboard Studio save coordinator behavior"],"fullName":"Dashboard Studio save coordinator behavior blocks a real unsaved route leave and bypasses only the confirmed create transition","status":"passed","title":"blocks a real unsaved route leave and bypasses only the confirmed create transition","duration":155.20230000000083,"failureMessages":[],"meta":{},"tags":[]},{"ancestorTitles":["Dashboard Studio save coordinator behavior"],"fullName":"Dashboard Studio save coordinator behavior returns failure for router rejection after persistence and always restores the guard","status":"passed","title":"returns failure for router rejection after persistence and always restores the guard","duration":103.08080000000336,"failureMessages":[],"meta":{},"tags":[]},{"ancestorTitles":["Dashboard Studio save coordinator behavior"],"fullName":"Dashboard Studio save coordinator behavior invalidates dashboard cache only after successful persistence","status":"passed","title":"invalidates dashboard cache only after successful persistence","duration":202.26350000000093,"failureMessages":[],"meta":{},"tags":[]},{"ancestorTitles":["Dashboard Studio save coordinator behavior"],"fullName":"Dashboard Studio save coordinator behavior deduplicates duplicate keyboard save submissions","status":"passed","title":"deduplicates duplicate keyboard save submissions","duration":134.11809999999969,"failureMessages":[],"meta":{},"tags":[]},{"ancestorTitles":["Dashboard Studio save coordinator behavior"],"fullName":"Dashboard Studio save coordinator behavior joins autosave and manual save rather than issuing overlapping requests","status":"passed","title":"joins autosave and manual save rather than issuing overlapping requests","duration":48.03820000000269,"failureMessages":[],"meta":{},"tags":[]},{"ancestorTitles":["Dashboard Studio save coordinator behavior"],"fullName":"Dashboard Studio save coordinator behavior can reload the exact persisted aggregate immediately after save","status":"passed","title":"can reload the exact persisted aggregate immediately after save","duration":73.9398000000001,"failureMessages":[],"meta":{},"tags":[]}],"startTime":1786362179685,"endTime":1786362181521.9397,"status":"passed","message":"","name":"C:/Users/MahmoudAlmbaidin/Downloads/VIP/src/modules/dashboards/DashboardStudioView.spec.ts"},{"assertionResults":[{"ancestorTitles":["dashboard delivery live service"],"fullName":"dashboard delivery live service uses tenant-context API paths for export lifecycle","status":"passed","title":"uses tenant-context API paths for export lifecycle","duration":394.84609999999884,"failureMessages":[],"meta":{},"tags":[]},{"ancestorTitles":["dashboard delivery live service"],"fullName":"dashboard delivery live service preserves optimistic version on schedule toggle and deletion","status":"passed","title":"preserves optimistic version on schedule toggle and deletion","duration":75.51230000000214,"failureMessages":[],"meta":{},"tags":[]}],"startTime":1786362187699,"endTime":1786362188170.5122,"status":"passed","message":"","name":"C:/Users/MahmoudAlmbaidin/Downloads/VIP/src/modules/dashboards/delivery.service.spec.ts"},{"assertionResults":[{"ancestorTitles":["useDashboardEditor"],"fullName":"useDashboardEditor adds a widget to the active page","status":"passed","title":"adds a widget to the active page","duration":67.00439999999799,"failureMessages":[],"meta":{},"tags":[]},{"ancestorTitles":["useDashboardEditor"],"fullName":"useDashboardEditor selects the newly added widget","status":"passed","title":"selects the newly added widget","duration":2.5577999999986787,"failureMessages":[],"meta":{},"tags":[]},{"ancestorTitles":["useDashboardEditor"],"fullName":"useDashboardEditor moves and resizes a widget via updatePosition","status":"passed","title":"moves and resizes a widget via updatePosition","duration":3.0095000000001164,"failureMessages":[],"meta":{},"tags":[]},{"ancestorTitles":["useDashboardEditor"],"fullName":"useDashboardEditor updates widget configuration via patchWidget","status":"passed","title":"updates widget configuration via patchWidget","duration":1.9838999999992666,"failureMessages":[],"meta":{},"tags":[]},{"ancestorTitles":["useDashboardEditor"],"fullName":"useDashboardEditor duplicates and deletes widgets","status":"passed","title":"duplicates and deletes widgets","duration":4.516299999999319,"failureMessages":[],"meta":{},"tags":[]},{"ancestorTitles":["useDashboardEditor"],"fullName":"useDashboardEditor supports undo/redo of widget operations","status":"passed","title":"supports undo/redo of widget operations","duration":5.18579999999929,"failureMessages":[],"meta":{},"tags":[]},{"ancestorTitles":["useDashboardEditor"],"fullName":"useDashboardEditor copies and pastes a widget","status":"passed","title":"copies and pastes a widget","duration":7.449699999997392,"failureMessages":[],"meta":{},"tags":[]},{"ancestorTitles":["useDashboardEditor"],"fullName":"useDashboardEditor manages multiple pages","status":"passed","title":"manages multiple pages","duration":35.233400000000984,"failureMessages":[],"meta":{},"tags":[]},{"ancestorTitles":["useDashboardEditor"],"fullName":"useDashboardEditor keeps at least one page","status":"passed","title":"keeps at least one page","duration":0.8125,"failureMessages":[],"meta":{},"tags":[]},{"ancestorTitles":["useDashboardEditor"],"fullName":"useDashboardEditor tracks dirty state","status":"passed","title":"tracks dirty state","duration":1.5971000000026834,"failureMessages":[],"meta":{},"tags":[]},{"ancestorTitles":["useDashboardEditor"],"fullName":"useDashboardEditor gives a duplicated widget a new unique id with equivalent config","status":"passed","title":"gives a duplicated widget a new unique id with equivalent config","duration":4.312999999998283,"failureMessages":[],"meta":{},"tags":[]},{"ancestorTitles":["useDashboardEditor"],"fullName":"useDashboardEditor editing one widget never mutates another","status":"passed","title":"editing one widget never mutates another","duration":1.8690999999998894,"failureMessages":[],"meta":{},"tags":[]},{"ancestorTitles":["useDashboardEditor"],"fullName":"useDashboardEditor reconciles editor state from a save response (server ids replace temp ids)","status":"passed","title":"reconciles editor state from a save response (server ids replace temp ids)","duration":2.365699999998469,"failureMessages":[],"meta":{},"tags":[]}],"startTime":1786362190055,"endTime":1786362190193.3657,"status":"passed","message":"","name":"C:/Users/MahmoudAlmbaidin/Downloads/VIP/src/modules/dashboards/useDashboardEditor.spec.ts"},{"assertionResults":[{"ancestorTitles":["live connection service"],"fullName":"live connection service uses live list, type, create, update, archive, and test APIs","status":"passed","title":"uses live list, type, create, update, archive, and test APIs","duration":15.098700000000463,"failureMessages":[],"meta":{},"tags":[]},{"ancestorTitles":["live connection service"],"fullName":"live connection service sends replacement credentials only to the write-only endpoint","status":"passed","title":"sends replacement credentials only to the write-only endpoint","duration":1.6679999999996653,"failureMessages":[],"meta":{},"tags":[]}],"startTime":1786362193224,"endTime":1786362193240.668,"status":"passed","message":"","name":"C:/Users/MahmoudAlmbaidin/Downloads/VIP/src/modules/connections/connections.service.spec.ts"},{"assertionResults":[{"ancestorTitles":["Dataset live tab permission helpers"],"fullName":"Dataset live tab permission helpers maps certify separately from edit","status":"passed","title":"maps certify separately from edit","duration":2.77809999999954,"failureMessages":[],"meta":{},"tags":[]},{"ancestorTitles":["Dataset live tab permission helpers"],"fullName":"Dataset live tab permission helpers query is required for preview; export is distinct","status":"passed","title":"query is required for preview; export is distinct","duration":0.41670000000158325,"failureMessages":[],"meta":{},"tags":[]}],"startTime":1786362197553,"endTime":1786362197556.4167,"status":"passed","message":"","name":"C:/Users/MahmoudAlmbaidin/Downloads/VIP/src/modules/datasets/datasetLiveTabs.spec.ts"},{"assertionResults":[{"ancestorTitles":["live administration service"],"fullName":"live administration service creates, updates, and lists persisted workspaces in the active organization","status":"passed","title":"creates, updates, and lists persisted workspaces in the active organization","duration":6.212400000000343,"failureMessages":[],"meta":{},"tags":[]},{"ancestorTitles":["live administration service"],"fullName":"live administration service updates the active organization through the live tenancy service","status":"passed","title":"updates the active organization through the live tenancy service","duration":0.7469999999993888,"failureMessages":[],"meta":{},"tags":[]},{"ancestorTitles":["live administration service"],"fullName":"live administration service creates invitations for the active organization and workspace","status":"passed","title":"creates invitations for the active organization and workspace","duration":1.0306000000000495,"failureMessages":[],"meta":{},"tags":[]}],"startTime":1786362198007,"endTime":1786362198016.0305,"status":"passed","message":"","name":"C:/Users/MahmoudAlmbaidin/Downloads/VIP/src/modules/admin/admin.service.spec.ts"},{"assertionResults":[{"ancestorTitles":["platform admin service — user access management"],"fullName":"platform admin service — user access management fetches a user access summary","status":"passed","title":"fetches a user access summary","duration":45.315199999999095,"failureMessages":[],"meta":{},"tags":[]},{"ancestorTitles":["platform admin service — user access management"],"fullName":"platform admin service — user access management assigns a user to an organization by username (email may be absent)","status":"passed","title":"assigns a user to an organization by username (email may be absent)","duration":4.129899999999907,"failureMessages":[],"meta":{},"tags":[]},{"ancestorTitles":["platform admin service — user access management"],"fullName":"platform admin service — user access management assigns a user to a workspace by username with a workspace role","status":"passed","title":"assigns a user to a workspace by username with a workspace role","duration":1.9216000000014901,"failureMessages":[],"meta":{},"tags":[]},{"ancestorTitles":["platform admin service — user access management"],"fullName":"platform admin service — user access management removing organization access targets the by-user cascade endpoint","status":"passed","title":"removing organization access targets the by-user cascade endpoint","duration":4.011300000000119,"failureMessages":[],"meta":{},"tags":[]},{"ancestorTitles":["platform admin service — user access management"],"fullName":"platform admin service — user access management removes a single workspace assignment","status":"passed","title":"removes a single workspace assignment","duration":1.812900000000809,"failureMessages":[],"meta":{},"tags":[]},{"ancestorTitles":["platform admin service — user access management"],"fullName":"platform admin service — user access management edits a user profile (email \"\" clears it on the backend)","status":"passed","title":"edits a user profile (email \"\" clears it on the backend)","duration":1.9376999999985856,"failureMessages":[],"meta":{},"tags":[]},{"ancestorTitles":["platform admin service — user access management"],"fullName":"platform admin service — user access management resets a password with a required-change flag","status":"passed","title":"resets a password with a required-change flag","duration":0.8979999999992287,"failureMessages":[],"meta":{},"tags":[]},{"ancestorTitles":["platform admin service — user access management"],"fullName":"platform admin service — user access management creates a workspace inside an organization","status":"passed","title":"creates a workspace inside an organization","duration":0.9940999999998894,"failureMessages":[],"meta":{},"tags":[]},{"ancestorTitles":["platform admin service — user access management"],"fullName":"platform admin service — user access management suspends and activates a workspace","status":"passed","title":"suspends and activates a workspace","duration":3.162400000001071,"failureMessages":[],"meta":{},"tags":[]}],"startTime":1786362184521,"endTime":1786362184586.1624,"status":"passed","message":"","name":"C:/Users/MahmoudAlmbaidin/Downloads/VIP/src/modules/platform/platform.service.spec.ts"},{"assertionResults":[{"ancestorTitles":["formula validator"],"fullName":"formula validator accepts a valid governed formula","status":"passed","title":"accepts a valid governed formula","duration":11.873899999998685,"failureMessages":[],"meta":{},"tags":[]},{"ancestorTitles":["formula validator"],"fullName":"formula validator flags an empty formula","status":"passed","title":"flags an empty formula","duration":0.9840000000003783,"failureMessages":[],"meta":{},"tags":[]},{"ancestorTitles":["formula validator"],"fullName":"formula validator detects unbalanced parentheses","status":"passed","title":"detects unbalanced parentheses","duration":1.8855000000003201,"failureMessages":[],"meta":{},"tags":[]},{"ancestorTitles":["formula validator"],"fullName":"formula validator detects unknown functions","status":"passed","title":"detects unknown functions","duration":1.0249000000003434,"failureMessages":[],"meta":{},"tags":[]},{"ancestorTitles":["formula validator"],"fullName":"formula validator detects unterminated strings","status":"passed","title":"detects unterminated strings","duration":0.8931999999986147,"failureMessages":[],"meta":{},"tags":[]},{"ancestorTitles":["formula validator"],"fullName":"formula validator exposes a non-empty function catalog with signatures","status":"passed","title":"exposes a non-empty function catalog with signatures","duration":3.9474000000009255,"failureMessages":[],"meta":{},"tags":[]},{"ancestorTitles":["formula validator"],"fullName":"formula validator accepts the expanded Math / Text / Conversion functions","status":"passed","title":"accepts the expanded Math / Text / Conversion functions","duration":1.6916999999994005,"failureMessages":[],"meta":{},"tags":[]},{"ancestorTitles":["formula validator"],"fullName":"formula validator accepts and / or / not logical operators","status":"passed","title":"accepts and / or / not logical operators","duration":0.8713999999999942,"failureMessages":[],"meta":{},"tags":[]},{"ancestorTitles":["formula validator"],"fullName":"formula validator accepts the IF..THEN..ELSEIF..ELSE..ENDIF keyword form","status":"passed","title":"accepts the IF..THEN..ELSEIF..ELSE..ENDIF keyword form","duration":2.3316000000013446,"failureMessages":[],"meta":{},"tags":[]},{"ancestorTitles":["formula validator"],"fullName":"formula validator flags an IF keyword form that is missing ENDIF","status":"passed","title":"flags an IF keyword form that is missing ENDIF","duration":1.005700000001525,"failureMessages":[],"meta":{},"tags":[]},{"ancestorTitles":["formula validator"],"fullName":"formula validator accepts membership and date functions","status":"passed","title":"accepts membership and date functions","duration":3.1689000000005763,"failureMessages":[],"meta":{},"tags":[]}],"startTime":1786362192292,"endTime":1786362192323.169,"status":"passed","message":"","name":"C:/Users/MahmoudAlmbaidin/Downloads/VIP/src/modules/pipelines/formulaFunctions.spec.ts"},{"assertionResults":[{"ancestorTitles":["NodeColumnSelect"],"fullName":"NodeColumnSelect renders every upstream column with its type","status":"passed","title":"renders every upstream column with its type","duration":565.7266999999993,"failureMessages":[],"meta":{},"tags":[]},{"ancestorTitles":["NodeColumnSelect"],"fullName":"NodeColumnSelect emits the kept list in upstream order when toggling","status":"passed","title":"emits the kept list in upstream order when toggling","duration":124.52119999999923,"failureMessages":[],"meta":{},"tags":[]},{"ancestorTitles":["NodeColumnSelect"],"fullName":"NodeColumnSelect supports select all, clear, and invert","status":"passed","title":"supports select all, clear, and invert","duration":140.59790000000066,"failureMessages":[],"meta":{},"tags":[]},{"ancestorTitles":["NodeColumnSelect"],"fullName":"NodeColumnSelect warns when zero columns are kept","status":"passed","title":"warns when zero columns are kept","duration":82.39110000000073,"failureMessages":[],"meta":{},"tags":[]},{"ancestorTitles":["NodeColumnSelect"],"fullName":"NodeColumnSelect flags stale selections that no longer exist upstream","status":"passed","title":"flags stale selections that no longer exist upstream","duration":14.978799999997136,"failureMessages":[],"meta":{},"tags":[]},{"ancestorTitles":["NodeColumnSelect"],"fullName":"NodeColumnSelect prompts to connect an upstream node when no columns are available","status":"passed","title":"prompts to connect an upstream node when no columns are available","duration":11.747699999999895,"failureMessages":[],"meta":{},"tags":[]}],"startTime":1786362171861,"endTime":1786362172808.7478,"status":"passed","message":"","name":"C:/Users/MahmoudAlmbaidin/Downloads/VIP/src/modules/pipelines/NodeColumnSelect.spec.ts"},{"assertionResults":[{"ancestorTitles":["NodePalette readonly"],"fullName":"NodePalette readonly blocks add events when readonly","status":"passed","title":"blocks add events when readonly","duration":499.0554999999986,"failureMessages":[],"meta":{},"tags":[]},{"ancestorTitles":["NodePalette readonly"],"fullName":"NodePalette readonly emits add when editable","status":"passed","title":"emits add when editable","duration":379.4837000000007,"failureMessages":[],"meta":{},"tags":[]}],"startTime":1786362173223,"endTime":1786362174101.4836,"status":"passed","message":"","name":"C:/Users/MahmoudAlmbaidin/Downloads/VIP/src/modules/pipelines/NodePalette.spec.ts"},{"assertionResults":[{"ancestorTitles":["NodeRenameMap"],"fullName":"NodeRenameMap offers every upstream column as a rename source","status":"passed","title":"offers every upstream column as a rename source","duration":186.33329999999842,"failureMessages":[],"meta":{},"tags":[]},{"ancestorTitles":["NodeRenameMap"],"fullName":"NodeRenameMap hydrates existing rename mappings from the persisted value","status":"passed","title":"hydrates existing rename mappings from the persisted value","duration":228.9951000000001,"failureMessages":[],"meta":{},"tags":[]},{"ancestorTitles":["NodeRenameMap"],"fullName":"NodeRenameMap emits a current->new map on valid input","status":"passed","title":"emits a current->new map on valid input","duration":162.3601000000017,"failureMessages":[],"meta":{},"tags":[]},{"ancestorTitles":["NodeRenameMap"],"fullName":"NodeRenameMap rejects an invalid name and does not emit it","status":"passed","title":"rejects an invalid name and does not emit it","duration":134.3649000000005,"failureMessages":[],"meta":{},"tags":[]},{"ancestorTitles":["NodeRenameMap"],"fullName":"NodeRenameMap renders a live output-schema preview","status":"passed","title":"renders a live output-schema preview","duration":104.42450000000099,"failureMessages":[],"meta":{},"tags":[]}],"startTime":1786362171861,"endTime":1786362172686.4246,"status":"passed","message":"","name":"C:/Users/MahmoudAlmbaidin/Downloads/VIP/src/modules/pipelines/NodeRenameMap.spec.ts"},{"assertionResults":[{"ancestorTitles":["pipeline schema restoration on load"],"fullName":"pipeline schema restoration on load mapEditor rebuilds a source node outputSchema from schema_snapshot","status":"passed","title":"mapEditor rebuilds a source node outputSchema from schema_snapshot","duration":12.213999999999942,"failureMessages":[],"meta":{},"tags":[]},{"ancestorTitles":["pipeline schema restoration on load"],"fullName":"pipeline schema restoration on load propagates schema to downstream editors on construction (no graph mutation)","status":"passed","title":"propagates schema to downstream editors on construction (no graph mutation)","duration":29.947400000000926,"failureMessages":[],"meta":{},"tags":[]},{"ancestorTitles":["pipeline schema restoration on load"],"fullName":"pipeline schema restoration on load restores Rename mappings and renames the propagated output on load","status":"passed","title":"restores Rename mappings and renames the propagated output on load","duration":6.878600000000006,"failureMessages":[],"meta":{},"tags":[]},{"ancestorTitles":["pipeline schema restoration on load"],"fullName":"pipeline schema restoration on load restores Formula field suggestions and expression on load","status":"passed","title":"restores Formula field suggestions and expression on load","duration":7.478500000001077,"failureMessages":[],"meta":{},"tags":[]},{"ancestorTitles":["pipeline schema restoration on load"],"fullName":"pipeline schema restoration on load surfaces no invented columns when the source schema is unavailable","status":"passed","title":"surfaces no invented columns when the source schema is unavailable","duration":2.78530000000319,"failureMessages":[],"meta":{},"tags":[]}],"startTime":1786362170633,"endTime":1786362170692.7854,"status":"passed","message":"","name":"C:/Users/MahmoudAlmbaidin/Downloads/VIP/src/modules/pipelines/schemaRestoration.spec.ts"},{"assertionResults":[{"ancestorTitles":["SourceConfigurationPanel"],"fullName":"SourceConfigurationPanel binds a real governed dataset schema and preview to the source node","status":"passed","title":"binds a real governed dataset schema and preview to the source node","duration":491.33350000000064,"failureMessages":[],"meta":{},"tags":[]}],"startTime":1786362175174,"endTime":1786362175665.3335,"status":"passed","message":"","name":"C:/Users/MahmoudAlmbaidin/Downloads/VIP/src/modules/pipelines/SourceConfigurationPanel.spec.ts"},{"assertionResults":[{"ancestorTitles":["usePipelineEditor"],"fullName":"usePipelineEditor creates a node on the canvas","status":"passed","title":"creates a node on the canvas","duration":23.02759999999762,"failureMessages":[],"meta":{},"tags":[]},{"ancestorTitles":["usePipelineEditor"],"fullName":"usePipelineEditor moves a node by a delta","status":"passed","title":"moves a node by a delta","duration":2.955500000000029,"failureMessages":[],"meta":{},"tags":[]},{"ancestorTitles":["usePipelineEditor"],"fullName":"usePipelineEditor creates an edge between two nodes","status":"passed","title":"creates an edge between two nodes","duration":22.764899999998306,"failureMessages":[],"meta":{},"tags":[]},{"ancestorTitles":["usePipelineEditor"],"fullName":"usePipelineEditor prevents duplicate edges into the same target port","status":"passed","title":"prevents duplicate edges into the same target port","duration":11.527299999997922,"failureMessages":[],"meta":{},"tags":[]},{"ancestorTitles":["usePipelineEditor"],"fullName":"usePipelineEditor selects nodes additively","status":"passed","title":"selects nodes additively","duration":3.3883000000023458,"failureMessages":[],"meta":{},"tags":[]},{"ancestorTitles":["usePipelineEditor"],"fullName":"usePipelineEditor supports undo and redo","status":"passed","title":"supports undo and redo","duration":32.28120000000126,"failureMessages":[],"meta":{},"tags":[]},{"ancestorTitles":["usePipelineEditor"],"fullName":"usePipelineEditor restores edges and canvas state through undo and redo","status":"passed","title":"restores edges and canvas state through undo and redo","duration":8.923899999997957,"failureMessages":[],"meta":{},"tags":[]},{"ancestorTitles":["usePipelineEditor"],"fullName":"usePipelineEditor deletes nodes and their connected edges","status":"passed","title":"deletes nodes and their connected edges","duration":2.393499999998312,"failureMessages":[],"meta":{},"tags":[]},{"ancestorTitles":["usePipelineEditor"],"fullName":"usePipelineEditor duplicates a node offset from the original","status":"passed","title":"duplicates a node offset from the original","duration":11.694799999997485,"failureMessages":[],"meta":{},"tags":[]},{"ancestorTitles":["usePipelineEditor"],"fullName":"usePipelineEditor copies and pastes nodes","status":"passed","title":"copies and pastes nodes","duration":3.1362000000008265,"failureMessages":[],"meta":{},"tags":[]},{"ancestorTitles":["usePipelineEditor"],"fullName":"usePipelineEditor flags a disconnected transform node as an error","status":"passed","title":"flags a disconnected transform node as an error","duration":4.004000000000815,"failureMessages":[],"meta":{},"tags":[]},{"ancestorTitles":["usePipelineEditor"],"fullName":"usePipelineEditor flags missing required configuration","status":"passed","title":"flags missing required configuration","duration":1.4817000000002736,"failureMessages":[],"meta":{},"tags":[]},{"ancestorTitles":["usePipelineEditor"],"fullName":"usePipelineEditor persists a governed source reference and schema through undo and redo","status":"passed","title":"persists a governed source reference and schema through undo and redo","duration":8.751299999999901,"failureMessages":[],"meta":{},"tags":[]},{"ancestorTitles":["usePipelineEditor"],"fullName":"usePipelineEditor makes edge and node selection mutually exclusive (VIP-FE-H006)","status":"passed","title":"makes edge and node selection mutually exclusive (VIP-FE-H006)","duration":1.3663000000015018,"failureMessages":[],"meta":{},"tags":[]},{"ancestorTitles":["usePipelineEditor"],"fullName":"usePipelineEditor tracks dirty state and clears it on markSaved","status":"passed","title":"tracks dirty state and clears it on markSaved","duration":0.7986999999993714,"failureMessages":[],"meta":{},"tags":[]}],"startTime":1786362171339,"endTime":1786362171480.7986,"status":"passed","message":"","name":"C:/Users/MahmoudAlmbaidin/Downloads/VIP/src/modules/pipelines/usePipelineEditor.spec.ts"},{"assertionResults":[{"ancestorTitles":["usePipelinePermissions"],"fullName":"usePipelinePermissions viewer access: can view only, no run/edit/manage","status":"passed","title":"viewer access: can view only, no run/edit/manage","duration":11.965700000000652,"failureMessages":[],"meta":{},"tags":[]},{"ancestorTitles":["usePipelinePermissions"],"fullName":"usePipelinePermissions operator access: adds run, still no edit/manage","status":"passed","title":"operator access: adds run, still no edit/manage","duration":1.6716000000014901,"failureMessages":[],"meta":{},"tags":[]},{"ancestorTitles":["usePipelinePermissions"],"fullName":"usePipelinePermissions developer access: adds edit, still no manage","status":"passed","title":"developer access: adds edit, still no manage","duration":1.130300000000716,"failureMessages":[],"meta":{},"tags":[]},{"ancestorTitles":["usePipelinePermissions"],"fullName":"usePipelinePermissions owner access: full capability set","status":"passed","title":"owner access: full capability set","duration":0.9045999999998457,"failureMessages":[],"meta":{},"tags":[]},{"ancestorTitles":["usePipelinePermissions"],"fullName":"usePipelinePermissions denied access: no capabilities and denied flag set","status":"passed","title":"denied access: no capabilities and denied flag set","duration":2.2488000000012107,"failureMessages":[],"meta":{},"tags":[]},{"ancestorTitles":["usePipelinePermissions"],"fullName":"usePipelinePermissions backend access takes precedence over broad permissions","status":"passed","title":"backend access takes precedence over broad permissions","duration":1.197599999999511,"failureMessages":[],"meta":{},"tags":[]},{"ancestorTitles":["usePipelinePermissions"],"fullName":"usePipelinePermissions new draft is authorable via the create permission fallback","status":"passed","title":"new draft is authorable via the create permission fallback","duration":1.3372999999992317,"failureMessages":[],"meta":{},"tags":[]},{"ancestorTitles":["usePipelinePermissions"],"fullName":"usePipelinePermissions new draft without create permission is not editable","status":"passed","title":"new draft without create permission is not editable","duration":0.921199999998862,"failureMessages":[],"meta":{},"tags":[]},{"ancestorTitles":["usePipelinePermissions"],"fullName":"usePipelinePermissions legacy pipeline without access block falls back to broad edit permission","status":"passed","title":"legacy pipeline without access block falls back to broad edit permission","duration":1.0678999999981897,"failureMessages":[],"meta":{},"tags":[]},{"ancestorTitles":["usePipelinePermissions"],"fullName":"usePipelinePermissions legacy pipeline fallback: execute permission grants run without edit","status":"passed","title":"legacy pipeline fallback: execute permission grants run without edit","duration":1.4588000000003376,"failureMessages":[],"meta":{},"tags":[]},{"ancestorTitles":["usePipelinePermissions"],"fullName":"usePipelinePermissions legacy pipeline fallback: delete permission grants manage","status":"passed","title":"legacy pipeline fallback: delete permission grants manage","duration":0.6682000000000698,"failureMessages":[],"meta":{},"tags":[]},{"ancestorTitles":["usePipelinePermissions"],"fullName":"usePipelinePermissions reacts when the pipeline access changes","status":"passed","title":"reacts when the pipeline access changes","duration":2.008299999997689,"failureMessages":[],"meta":{},"tags":[]},{"ancestorTitles":["usePipelinePermissions"],"fullName":"usePipelinePermissions undefined pipeline is treated as a new draft (no crash)","status":"passed","title":"undefined pipeline is treated as a new draft (no crash)","duration":0.44389999999839347,"failureMessages":[],"meta":{},"tags":[]},{"ancestorTitles":["usePipelinePermissions"],"fullName":"usePipelinePermissions non-owner backend level surfaces for the toolbar badge","status":"passed","title":"non-owner backend level surfaces for the toolbar badge","duration":0.567800000000716,"failureMessages":[],"meta":{},"tags":[]}],"startTime":1786362169816,"endTime":1786362169844.5679,"status":"passed","message":"","name":"C:/Users/MahmoudAlmbaidin/Downloads/VIP/src/modules/pipelines/usePipelinePermissions.spec.ts"},{"assertionResults":[{"ancestorTitles":["central API client contracts"],"fullName":"central API client contracts sends context, auth, locale, timezone, accept, correlation and JSON headers","status":"passed","title":"sends context, auth, locale, timezone, accept, correlation and JSON headers","duration":61.158400000000256,"failureMessages":[],"meta":{},"tags":[]},{"ancestorTitles":["central API client contracts"],"fullName":"central API client contracts supports get","status":"passed","title":"supports get","duration":4.277299999999741,"failureMessages":[],"meta":{},"tags":[]},{"ancestorTitles":["central API client contracts"],"fullName":"central API client contracts supports post","status":"passed","title":"supports post","duration":3.5879000000004453,"failureMessages":[],"meta":{},"tags":[]},{"ancestorTitles":["central API client contracts"],"fullName":"central API client contracts supports put","status":"passed","title":"supports put","duration":22.433899999999994,"failureMessages":[],"meta":{},"tags":[]},{"ancestorTitles":["central API client contracts"],"fullName":"central API client contracts supports patch","status":"passed","title":"supports patch","duration":3.3893000000007305,"failureMessages":[],"meta":{},"tags":[]},{"ancestorTitles":["central API client contracts"],"fullName":"central API client contracts supports delete","status":"passed","title":"supports delete","duration":3.5416999999997643,"failureMessages":[],"meta":{},"tags":[]},{"ancestorTitles":["central API client contracts"],"fullName":"central API client contracts supports arrays and nested filter query parameters","status":"passed","title":"supports arrays and nested filter query parameters","duration":3.8464999999996508,"failureMessages":[],"meta":{},"tags":[]},{"ancestorTitles":["central API client contracts"],"fullName":"central API client contracts handles empty and 204 responses","status":"passed","title":"handles empty and 204 responses","duration":38.01270000000113,"failureMessages":[],"meta":{},"tags":[]},{"ancestorTitles":["central API client contracts"],"fullName":"central API client contracts uploads multipart without forcing a content type","status":"passed","title":"uploads multipart without forcing a content type","duration":12.564899999999398,"failureMessages":[],"meta":{},"tags":[]},{"ancestorTitles":["central API client contracts"],"fullName":"central API client contracts sends the double-submit CSRF token on unsafe requests","status":"passed","title":"sends the double-submit CSRF token on unsafe requests","duration":40.92270000000099,"failureMessages":[],"meta":{},"tags":[]},{"ancestorTitles":["central API client contracts"],"fullName":"central API client contracts coordinates one refresh for concurrent 401 responses and retries both requests","status":"passed","title":"coordinates one refresh for concurrent 401 responses and retries both requests","duration":63.16080000000147,"failureMessages":[],"meta":{},"tags":[]},{"ancestorTitles":["central API client contracts"],"fullName":"central API client contracts notifies once when a coordinated refresh fails","status":"passed","title":"notifies once when a coordinated refresh fails","duration":7.328099999998813,"failureMessages":[],"meta":{},"tags":[]},{"ancestorTitles":["central API client contracts"],"fullName":"central API client contracts extracts download filename, MIME type and correlation ID","status":"passed","title":"extracts download filename, MIME type and correlation ID","duration":6.951900000000023,"failureMessages":[],"meta":{},"tags":[]},{"ancestorTitles":["central API client contracts"],"fullName":"central API client contracts normalizes backend error statuses and keeps raw detail out of the friendly message","status":"passed","title":"normalizes backend error statuses and keeps raw detail out of the friendly message","duration":31.433000000000902,"failureMessages":[],"meta":{},"tags":[]},{"ancestorTitles":["central API client contracts"],"fullName":"central API client contracts maps HTTP 400 to validation","status":"passed","title":"maps HTTP 400 to validation","duration":4.900799999999435,"failureMessages":[],"meta":{},"tags":[]},{"ancestorTitles":["central API client contracts"],"fullName":"central API client contracts maps HTTP 401 to unauthorized","status":"passed","title":"maps HTTP 401 to unauthorized","duration":3.98410000000149,"failureMessages":[],"meta":{},"tags":[]},{"ancestorTitles":["central API client contracts"],"fullName":"central API client contracts maps HTTP 403 to forbidden","status":"passed","title":"maps HTTP 403 to forbidden","duration":19.09349999999904,"failureMessages":[],"meta":{},"tags":[]},{"ancestorTitles":["central API client contracts"],"fullName":"central API client contracts maps HTTP 404 to not-found","status":"passed","title":"maps HTTP 404 to not-found","duration":1.664600000000064,"failureMessages":[],"meta":{},"tags":[]},{"ancestorTitles":["central API client contracts"],"fullName":"central API client contracts maps HTTP 409 to conflict","status":"passed","title":"maps HTTP 409 to conflict","duration":3.772399999998015,"failureMessages":[],"meta":{},"tags":[]},{"ancestorTitles":["central API client contracts"],"fullName":"central API client contracts maps HTTP 429 to rate-limit","status":"passed","title":"maps HTTP 429 to rate-limit","duration":10.818699999999808,"failureMessages":[],"meta":{},"tags":[]},{"ancestorTitles":["central API client contracts"],"fullName":"central API client contracts maps HTTP 500 to server","status":"passed","title":"maps HTTP 500 to server","duration":6.649600000000646,"failureMessages":[],"meta":{},"tags":[]},{"ancestorTitles":["central API client contracts"],"fullName":"central API client contracts maps HTTP 503 to maintenance","status":"passed","title":"maps HTTP 503 to maintenance","duration":9.59270000000106,"failureMessages":[],"meta":{},"tags":[]},{"ancestorTitles":["central API client contracts"],"fullName":"central API client contracts retries GET but never retries POST by default","status":"passed","title":"retries GET but never retries POST by default","duration":256.6260999999977,"failureMessages":[],"meta":{},"tags":[]},{"ancestorTitles":["central API client contracts"],"fullName":"central API client contracts normalizes invalid JSON and cancellation","status":"passed","title":"normalizes invalid JSON and cancellation","duration":4.94629999999961,"failureMessages":[],"meta":{},"tags":[]},{"ancestorTitles":["central API client contracts"],"fullName":"central API client contracts distinguishes timeout from cancellation","status":"passed","title":"distinguishes timeout from cancellation","duration":9.092200000002777,"failureMessages":[],"meta":{},"tags":[]}],"startTime":1786362169010,"endTime":1786362169646.0923,"status":"passed","message":"","name":"C:/Users/MahmoudAlmbaidin/Downloads/VIP/src/shared/lib/apiClient.contract.spec.ts"},{"assertionResults":[{"ancestorTitles":["service adapter URL resolution (single /api/v1)"],"fullName":"service adapter URL resolution (single /api/v1) dashboard-list resolves under one /api/v1 with a host-only base","status":"passed","title":"dashboard-list resolves under one /api/v1 with a host-only base","duration":3.180100000001403,"failureMessages":[],"meta":{},"tags":[]},{"ancestorTitles":["service adapter URL resolution (single /api/v1)"],"fullName":"service adapter URL resolution (single /api/v1) dashboard-list resolves under one /api/v1 with a versioned base","status":"passed","title":"dashboard-list resolves under one /api/v1 with a versioned base","duration":0.7717999999986205,"failureMessages":[],"meta":{},"tags":[]},{"ancestorTitles":["service adapter URL resolution (single /api/v1)"],"fullName":"service adapter URL resolution (single /api/v1) dashboard-editor resolves under one /api/v1 with a host-only base","status":"passed","title":"dashboard-editor resolves under one /api/v1 with a host-only base","duration":0.30749999999898137,"failureMessages":[],"meta":{},"tags":[]},{"ancestorTitles":["service adapter URL resolution (single /api/v1)"],"fullName":"service adapter URL resolution (single /api/v1) dashboard-editor resolves under one /api/v1 with a versioned base","status":"passed","title":"dashboard-editor resolves under one /api/v1 with a versioned base","duration":0.24069999999846914,"failureMessages":[],"meta":{},"tags":[]},{"ancestorTitles":["service adapter URL resolution (single /api/v1)"],"fullName":"service adapter URL resolution (single /api/v1) dataset-list resolves under one /api/v1 with a host-only base","status":"passed","title":"dataset-list resolves under one /api/v1 with a host-only base","duration":0.25120000000242726,"failureMessages":[],"meta":{},"tags":[]},{"ancestorTitles":["service adapter URL resolution (single /api/v1)"],"fullName":"service adapter URL resolution (single /api/v1) dataset-list resolves under one /api/v1 with a versioned base","status":"passed","title":"dataset-list resolves under one /api/v1 with a versioned base","duration":0.24970000000030268,"failureMessages":[],"meta":{},"tags":[]},{"ancestorTitles":["service adapter URL resolution (single /api/v1)"],"fullName":"service adapter URL resolution (single /api/v1) semantic-models resolves under one /api/v1 with a host-only base","status":"passed","title":"semantic-models resolves under one /api/v1 with a host-only base","duration":0.22430000000167638,"failureMessages":[],"meta":{},"tags":[]},{"ancestorTitles":["service adapter URL resolution (single /api/v1)"],"fullName":"service adapter URL resolution (single /api/v1) semantic-models resolves under one /api/v1 with a versioned base","status":"passed","title":"semantic-models resolves under one /api/v1 with a versioned base","duration":0.23179999999774736,"failureMessages":[],"meta":{},"tags":[]},{"ancestorTitles":["service adapter URL resolution (single /api/v1)"],"fullName":"service adapter URL resolution (single /api/v1) home-summary resolves under one /api/v1 with a host-only base","status":"passed","title":"home-summary resolves under one /api/v1 with a host-only base","duration":0.2536999999974796,"failureMessages":[],"meta":{},"tags":[]},{"ancestorTitles":["service adapter URL resolution (single /api/v1)"],"fullName":"service adapter URL resolution (single /api/v1) home-summary resolves under one /api/v1 with a versioned base","status":"passed","title":"home-summary resolves under one /api/v1 with a versioned base","duration":0.37039999999979045,"failureMessages":[],"meta":{},"tags":[]},{"ancestorTitles":["service adapter URL resolution (single /api/v1)"],"fullName":"service adapter URL resolution (single /api/v1) audit resolves under one /api/v1 with a host-only base","status":"passed","title":"audit resolves under one /api/v1 with a host-only base","duration":0.2422999999980675,"failureMessages":[],"meta":{},"tags":[]},{"ancestorTitles":["service adapter URL resolution (single /api/v1)"],"fullName":"service adapter URL resolution (single /api/v1) audit resolves under one /api/v1 with a versioned base","status":"passed","title":"audit resolves under one /api/v1 with a versioned base","duration":0.17559999999866704,"failureMessages":[],"meta":{},"tags":[]},{"ancestorTitles":["service adapter URL resolution (single /api/v1)"],"fullName":"service adapter URL resolution (single /api/v1) audit keeps its query string under both base forms","status":"passed","title":"audit keeps its query string under both base forms","duration":1.147899999999936,"failureMessages":[],"meta":{},"tags":[]}],"startTime":1786362196467,"endTime":1786362196475.148,"status":"passed","message":"","name":"C:/Users/MahmoudAlmbaidin/Downloads/VIP/src/shared/lib/apiClient.services-url.spec.ts"},{"assertionResults":[{"ancestorTitles":["apiClient query building"],"fullName":"apiClient query building serializes scalars and arrays, dropping nullish","status":"passed","title":"serializes scalars and arrays, dropping nullish","duration":18.271300000000338,"failureMessages":[],"meta":{},"tags":[]},{"ancestorTitles":["apiClient query building"],"fullName":"apiClient query building returns an empty string for no query","status":"passed","title":"returns an empty string for no query","duration":0.6129000000000815,"failureMessages":[],"meta":{},"tags":[]},{"ancestorTitles":["apiClient query building"],"fullName":"apiClient query building exposes status→kind mapping","status":"passed","title":"exposes status→kind mapping","duration":0.42180000000007567,"failureMessages":[],"meta":{},"tags":[]}],"startTime":1786362195213,"endTime":1786362195232.4219,"status":"passed","message":"","name":"C:/Users/MahmoudAlmbaidin/Downloads/VIP/src/shared/lib/apiClient.spec.ts"},{"assertionResults":[{"ancestorTitles":["resolveApiUrl"],"fullName":"resolveApiUrl exposes the single canonical version prefix","status":"passed","title":"exposes the single canonical version prefix","duration":12.364799999999377,"failureMessages":[],"meta":{},"tags":[]},{"ancestorTitles":["resolveApiUrl"],"fullName":"resolveApiUrl host-only base + bare path resolves under /api/v1","status":"passed","title":"host-only base + bare path resolves under /api/v1","duration":2.3737999999975727,"failureMessages":[],"meta":{},"tags":[]},{"ancestorTitles":["resolveApiUrl"],"fullName":"resolveApiUrl versioned base + bare path resolves under a single /api/v1","status":"passed","title":"versioned base + bare path resolves under a single /api/v1","duration":0.9423999999999069,"failureMessages":[],"meta":{},"tags":[]},{"ancestorTitles":["resolveApiUrl"],"fullName":"resolveApiUrl host-only base + versioned path is not doubled","status":"passed","title":"host-only base + versioned path is not doubled","duration":0.48839999999836436,"failureMessages":[],"meta":{},"tags":[]},{"ancestorTitles":["resolveApiUrl"],"fullName":"resolveApiUrl versioned base + versioned path never duplicates the prefix","status":"passed","title":"versioned base + versioned path never duplicates the prefix","duration":3.4654999999984284,"failureMessages":[],"meta":{},"tags":[]},{"ancestorTitles":["resolveApiUrl"],"fullName":"resolveApiUrl normalizes a trailing slash on the base URL","status":"passed","title":"normalizes a trailing slash on the base URL","duration":0.6105000000025029,"failureMessages":[],"meta":{},"tags":[]},{"ancestorTitles":["resolveApiUrl"],"fullName":"resolveApiUrl appends query parameters","status":"passed","title":"appends query parameters","duration":2.197599999999511,"failureMessages":[],"meta":{},"tags":[]},{"ancestorTitles":["resolveApiUrl"],"fullName":"resolveApiUrl keeps /auth/* unversioned","status":"passed","title":"keeps /auth/* unversioned","duration":1.3365999999987253,"failureMessages":[],"meta":{},"tags":[]},{"ancestorTitles":["resolveApiUrl"],"fullName":"resolveApiUrl passes absolute URLs through unchanged","status":"passed","title":"passes absolute URLs through unchanged","duration":1.2004000000015367,"failureMessages":[],"meta":{},"tags":[]},{"ancestorTitles":["resolveApiUrl"],"fullName":"resolveApiUrl resolves an event-stream path under /api/v1","status":"passed","title":"resolves an event-stream path under /api/v1","duration":3.7824000000000524,"failureMessages":[],"meta":{},"tags":[]},{"ancestorTitles":["resolveApiUrl"],"fullName":"resolveApiUrl keeps /health and /ready unversioned","status":"passed","title":"keeps /health and /ready unversioned","duration":4.258900000000722,"failureMessages":[],"meta":{},"tags":[]},{"ancestorTitles":["resolveApiUrl"],"fullName":"resolveApiUrl handles an empty base URL (relative, still versioned)","status":"passed","title":"handles an empty base URL (relative, still versioned)","duration":1.8582000000023982,"failureMessages":[],"meta":{},"tags":[]},{"ancestorTitles":["resolveApiUrl"],"fullName":"resolveApiUrl never duplicates /api/v1 across base/path combinations","status":"passed","title":"never duplicates /api/v1 across base/path combinations","duration":0.9625000000014552,"failureMessages":[],"meta":{},"tags":[]},{"ancestorTitles":["resolveApiUrl"],"fullName":"resolveApiUrl preserves a signed relative download URL with query","status":"passed","title":"preserves a signed relative download URL with query","duration":0.42009999999936554,"failureMessages":[],"meta":{},"tags":[]},{"ancestorTitles":["resolveApiUrl"],"fullName":"resolveApiUrl normalizes a path missing its leading slash","status":"passed","title":"normalizes a path missing its leading slash","duration":0.33150000000023283,"failureMessages":[],"meta":{},"tags":[]}],"startTime":1786362190494,"endTime":1786362190531.4202,"status":"passed","message":"","name":"C:/Users/MahmoudAlmbaidin/Downloads/VIP/src/shared/lib/apiClient.url.spec.ts"},{"assertionResults":[{"ancestorTitles":["format helpers"],"fullName":"format helpers formats currency","status":"passed","title":"formats currency","duration":80.0708999999988,"failureMessages":[],"meta":{},"tags":[]},{"ancestorTitles":["format helpers"],"fullName":"format helpers formats compact numbers","status":"passed","title":"formats compact numbers","duration":1.1437999999980093,"failureMessages":[],"meta":{},"tags":[]},{"ancestorTitles":["format helpers"],"fullName":"format helpers returns an em dash for nullish","status":"passed","title":"returns an em dash for nullish","duration":0.5531000000009954,"failureMessages":[],"meta":{},"tags":[]},{"ancestorTitles":["format helpers"],"fullName":"format helpers adds a sign to percentages","status":"passed","title":"adds a sign to percentages","duration":0.8335000000006403,"failureMessages":[],"meta":{},"tags":[]},{"ancestorTitles":["format helpers"],"fullName":"format helpers formats durations","status":"passed","title":"formats durations","duration":0.8940999999977066,"failureMessages":[],"meta":{},"tags":[]}],"startTime":1786362190959,"endTime":1786362191042.894,"status":"passed","message":"","name":"C:/Users/MahmoudAlmbaidin/Downloads/VIP/src/shared/lib/format.spec.ts"},{"assertionResults":[{"ancestorTitles":["LocalStore tenant scoping (VIP-FE-C002)"],"fullName":"LocalStore tenant scoping (VIP-FE-C002) keeps unscoped stores shared across tenant scope changes","status":"passed","title":"keeps unscoped stores shared across tenant scope changes","duration":3.2410999999992782,"failureMessages":[],"meta":{},"tags":[]},{"ancestorTitles":["LocalStore tenant scoping (VIP-FE-C002)"],"fullName":"LocalStore tenant scoping (VIP-FE-C002) partitions scoped stores so tenants cannot see each other’s data","status":"passed","title":"partitions scoped stores so tenants cannot see each other’s data","duration":1.5123999999996158,"failureMessages":[],"meta":{},"tags":[]},{"ancestorTitles":["LocalStore tenant scoping (VIP-FE-C002)"],"fullName":"LocalStore tenant scoping (VIP-FE-C002) exposes the current scope","status":"passed","title":"exposes the current scope","duration":0.45509999999922,"failureMessages":[],"meta":{},"tags":[]}],"startTime":1786362196564,"endTime":1786362196569.455,"status":"passed","message":"","name":"C:/Users/MahmoudAlmbaidin/Downloads/VIP/src/shared/lib/mock.spec.ts"},{"assertionResults":[{"ancestorTitles":["useQuery context changes"],"fullName":"useQuery context changes aborts the previous request and ignores its stale result when the scoped key changes","status":"passed","title":"aborts the previous request and ignores its stale result when the scoped key changes","duration":12.889599999998609,"failureMessages":[],"meta":{},"tags":[]}],"startTime":1786362189254,"endTime":1786362189266.8896,"status":"passed","message":"","name":"C:/Users/MahmoudAlmbaidin/Downloads/VIP/src/shared/lib/query.spec.ts"},{"assertionResults":[{"ancestorTitles":["resourceAccess helpers"],"fullName":"resourceAccess helpers maps the backend snake_case DTO to camelCase","status":"passed","title":"maps the backend snake_case DTO to camelCase","duration":3.4381999999986874,"failureMessages":[],"meta":{},"tags":[]},{"ancestorTitles":["resourceAccess helpers"],"fullName":"resourceAccess helpers returns undefined for a missing access block","status":"passed","title":"returns undefined for a missing access block","duration":0.6223000000009051,"failureMessages":[],"meta":{},"tags":[]},{"ancestorTitles":["resourceAccess helpers"],"fullName":"resourceAccess helpers resourceCan reflects the allowed level ladder","status":"passed","title":"resourceCan reflects the allowed level ladder","duration":0.9310000000004948,"failureMessages":[],"meta":{},"tags":[]},{"ancestorTitles":["resourceAccess helpers"],"fullName":"resourceAccess helpers resourceCan is false when access is undefined (no leak)","status":"passed","title":"resourceCan is false when access is undefined (no leak)","duration":0.3374000000003434,"failureMessages":[],"meta":{},"tags":[]},{"ancestorTitles":["resourceAccess helpers"],"fullName":"resourceAccess helpers resourceDenied is true only when access resolved with no levels","status":"passed","title":"resourceDenied is true only when access resolved with no levels","duration":0.4764999999988504,"failureMessages":[],"meta":{},"tags":[]},{"ancestorTitles":["resourceAccess helpers"],"fullName":"resourceAccess helpers canManageAccess is carried through for the Share control","status":"passed","title":"canManageAccess is carried through for the Share control","duration":0.26850000000013097,"failureMessages":[],"meta":{},"tags":[]}],"startTime":1786362197531,"endTime":1786362197537.2686,"status":"passed","message":"","name":"C:/Users/MahmoudAlmbaidin/Downloads/VIP/src/shared/lib/resourceAccess.spec.ts"},{"assertionResults":[{"ancestorTitles":["safeError"],"fullName":"safeError surfaces the backend message + code for an ApiError (no internals)","status":"passed","title":"surfaces the backend message + code for an ApiError (no internals)","duration":9.788699999999153,"failureMessages":[],"meta":{},"tags":[]},{"ancestorTitles":["safeError"],"fullName":"safeError falls back to the friendly per-kind message when no detail is present","status":"passed","title":"falls back to the friendly per-kind message when no detail is present","duration":7.105199999999968,"failureMessages":[],"meta":{},"tags":[]},{"ancestorTitles":["safeError"],"fullName":"safeError handles plain Errors and unknown values safely","status":"passed","title":"handles plain Errors and unknown values safely","duration":1.085800000000745,"failureMessages":[],"meta":{},"tags":[]}],"startTime":1786362185658,"endTime":1786362185677.0857,"status":"passed","message":"","name":"C:/Users/MahmoudAlmbaidin/Downloads/VIP/src/shared/lib/safeError.spec.ts"},{"assertionResults":[{"ancestorTitles":["runtime API contracts"],"fullName":"runtime API contracts validates the B1 authentication response without tokens","status":"passed","title":"validates the B1 authentication response without tokens","duration":14.944600000000719,"failureMessages":[],"meta":{},"tags":[]},{"ancestorTitles":["runtime API contracts"],"fullName":"runtime API contracts normalizes totalItems pagination into the frontend Page model","status":"passed","title":"normalizes totalItems pagination into the frontend Page model","duration":6.097600000000966,"failureMessages":[],"meta":{},"tags":[]},{"ancestorTitles":["runtime API contracts"],"fullName":"runtime API contracts rejects malformed critical identity DTOs at the adapter boundary","status":"passed","title":"rejects malformed critical identity DTOs at the adapter boundary","duration":8.502999999998792,"failureMessages":[],"meta":{},"tags":[]}],"startTime":1786362190944,"endTime":1786362190973.503,"status":"passed","message":"","name":"C:/Users/MahmoudAlmbaidin/Downloads/VIP/src/shared/contracts/apiContracts.spec.ts"},{"assertionResults":[{"ancestorTitles":["real authentication store"],"fullName":"real authentication store bootstraps through the backend service","status":"passed","title":"bootstraps through the backend service","duration":26.795799999999872,"failureMessages":[],"meta":{},"tags":[]},{"ancestorTitles":["real authentication store"],"fullName":"real authentication store has no fake-user fallback when bootstrap is unauthorized","status":"passed","title":"has no fake-user fallback when bootstrap is unauthorized","duration":42.18680000000313,"failureMessages":[],"meta":{},"tags":[]},{"ancestorTitles":["real authentication store"],"fullName":"real authentication store logs in and out without retaining credentials or tokens","status":"passed","title":"logs in and out without retaining credentials or tokens","duration":8.69210000000021,"failureMessages":[],"meta":{},"tags":[]},{"ancestorTitles":["real authentication store"],"fullName":"real authentication store records login failure and clears on unauthorized","status":"passed","title":"records login failure and clears on unauthorized","duration":4.3716999999996915,"failureMessages":[],"meta":{},"tags":[]},{"ancestorTitles":["real authentication store"],"fullName":"real authentication store does not report login success until the cookie-backed current user is confirmed","status":"passed","title":"does not report login success until the cookie-backed current user is confirmed","duration":6.653100000003178,"failureMessages":[],"meta":{},"tags":[]},{"ancestorTitles":["real authentication store"],"fullName":"real authentication store does not report login success until delayed organization bootstrap settles","status":"passed","title":"does not report login success until delayed organization bootstrap settles","duration":3.3096000000005006,"failureMessages":[],"meta":{},"tags":[]},{"ancestorTitles":["real authentication store"],"fullName":"real authentication store fails closed when current-user confirmation fails after login returned success","status":"passed","title":"fails closed when current-user confirmation fails after login returned success","duration":2.719100000002072,"failureMessages":[],"meta":{},"tags":[]},{"ancestorTitles":["real authentication store"],"fullName":"real authentication store joins duplicate login submissions into one backend lifecycle","status":"passed","title":"joins duplicate login submissions into one backend lifecycle","duration":4.841200000002573,"failureMessages":[],"meta":{},"tags":[]},{"ancestorTitles":["real authentication store"],"fullName":"real authentication store ignores a stale login response after unauthorized invalidates the attempt","status":"passed","title":"ignores a stale login response after unauthorized invalidates the attempt","duration":5.1402000000016415,"failureMessages":[],"meta":{},"tags":[]},{"ancestorTitles":["real authentication store"],"fullName":"real authentication store preserves and consumes the intended route","status":"passed","title":"preserves and consumes the intended route","duration":1.0340999999971245,"failureMessages":[],"meta":{},"tags":[]}],"startTime":1786362172641,"endTime":1786362172748.0342,"status":"passed","message":"","name":"C:/Users/MahmoudAlmbaidin/Downloads/VIP/src/shared/stores/auth.spec.ts"},{"assertionResults":[{"ancestorTitles":["authorization store"],"fullName":"authorization store bootstraps only backend-resolved governance state","status":"passed","title":"bootstraps only backend-resolved governance state","duration":22.314399999999296,"failureMessages":[],"meta":{},"tags":[]},{"ancestorTitles":["authorization store"],"fullName":"authorization store clears all authorization state when tenant or session changes","status":"passed","title":"clears all authorization state when tenant or session changes","duration":4.211599999998725,"failureMessages":[],"meta":{},"tags":[]}],"startTime":1786362191178,"endTime":1786362191205.2117,"status":"passed","message":"","name":"C:/Users/MahmoudAlmbaidin/Downloads/VIP/src/shared/stores/authorization.spec.ts"},{"assertionResults":[{"ancestorTitles":["server-backed tenancy store"],"fullName":"server-backed tenancy store loads only backend-authorized organizations and workspaces","status":"passed","title":"loads only backend-authorized organizations and workspaces","duration":67.08090000000084,"failureMessages":[],"meta":{},"tags":[]},{"ancestorTitles":["server-backed tenancy store"],"fullName":"server-backed tenancy store clears the stale workspace before changing organization and segregates scope","status":"passed","title":"clears the stale workspace before changing organization and segregates scope","duration":31.697500000002037,"failureMessages":[],"meta":{},"tags":[]},{"ancestorTitles":["server-backed tenancy store"],"fullName":"server-backed tenancy store discards unauthorized persisted selections","status":"passed","title":"discards unauthorized persisted selections","duration":8.82470000000103,"failureMessages":[],"meta":{},"tags":[]},{"ancestorTitles":["server-backed tenancy store"],"fullName":"server-backed tenancy store does not reuse another user preference and clears all tenant state on logout","status":"passed","title":"does not reuse another user preference and clears all tenant state on logout","duration":8.584800000000541,"failureMessages":[],"meta":{},"tags":[]},{"ancestorTitles":["server-backed tenancy store"],"fullName":"server-backed tenancy store renders a valid empty tenancy state","status":"passed","title":"renders a valid empty tenancy state","duration":2.9304000000011,"failureMessages":[],"meta":{},"tags":[]}],"startTime":1786362195296,"endTime":1786362195415.9304,"status":"passed","message":"","name":"C:/Users/MahmoudAlmbaidin/Downloads/VIP/src/shared/stores/platform.spec.ts"},{"assertionResults":[{"ancestorTitles":["platformInfrastructure"],"fullName":"platformInfrastructure uses live tenant-aware job and file APIs","status":"passed","title":"uses live tenant-aware job and file APIs","duration":63.23309999999947,"failureMessages":[],"meta":{},"tags":[]},{"ancestorTitles":["platformInfrastructure"],"fullName":"platformInfrastructure passes resumable event metadata through the central client","status":"passed","title":"passes resumable event metadata through the central client","duration":7.004100000000108,"failureMessages":[],"meta":{},"tags":[]},{"ancestorTitles":["platformInfrastructure"],"fullName":"platformInfrastructure reconnects from the saved cursor and suppresses duplicate events","status":"passed","title":"reconnects from the saved cursor and suppresses duplicate events","duration":81.5043999999998,"failureMessages":[],"meta":{},"tags":[]}],"startTime":1786362179914,"endTime":1786362180066.5044,"status":"passed","message":"","name":"C:/Users/MahmoudAlmbaidin/Downloads/VIP/src/shared/services/platformInfrastructure.spec.ts"},{"assertionResults":[{"ancestorTitles":["semantic query engine (mock)"],"fullName":"semantic query engine (mock) exposes certified sales and ops models","status":"passed","title":"exposes certified sales and ops models","duration":10.855799999997544,"failureMessages":[],"meta":{},"tags":[]},{"ancestorTitles":["semantic query engine (mock)"],"fullName":"semantic query engine (mock) returns one row per category for a single dimension","status":"passed","title":"returns one row per category for a single dimension","duration":4.7334999999984575,"failureMessages":[],"meta":{},"tags":[]},{"ancestorTitles":["semantic query engine (mock)"],"fullName":"semantic query engine (mock) produces deterministic values for the same query","status":"passed","title":"produces deterministic values for the same query","duration":1.2370999999984633,"failureMessages":[],"meta":{},"tags":[]},{"ancestorTitles":["semantic query engine (mock)"],"fullName":"semantic query engine (mock) crosses two dimensions into series rows","status":"passed","title":"crosses two dimensions into series rows","duration":1.1319000000003143,"failureMessages":[],"meta":{},"tags":[]},{"ancestorTitles":["semantic query engine (mock)"],"fullName":"semantic query engine (mock) respects the row limit","status":"passed","title":"respects the row limit","duration":0.6975999999995111,"failureMessages":[],"meta":{},"tags":[]}],"startTime":1786362193992,"endTime":1786362194010.6975,"status":"passed","message":"","name":"C:/Users/MahmoudAlmbaidin/Downloads/VIP/src/shared/services/semanticModels.spec.ts"},{"assertionResults":[{"ancestorTitles":["all module service adapter boundaries"],"fullName":"all module service adapter boundaries home/home.service.ts has typed mock/live selection through the centralized client","status":"passed","title":"home/home.service.ts has typed mock/live selection through the centralized client","duration":18.721999999999753,"failureMessages":[],"meta":{},"tags":[]},{"ancestorTitles":["all module service adapter boundaries"],"fullName":"all module service adapter boundaries semantic/semantic.service.ts has typed mock/live selection through the centralized client","status":"passed","title":"semantic/semantic.service.ts has typed mock/live selection through the centralized client","duration":59.932199999999284,"failureMessages":[],"meta":{},"tags":[]},{"ancestorTitles":["all module service adapter boundaries"],"fullName":"all module service adapter boundaries insights/insights.service.ts has typed mock/live selection through the centralized client","status":"passed","title":"insights/insights.service.ts has typed mock/live selection through the centralized client","duration":202.3810999999987,"failureMessages":[],"meta":{},"tags":[]},{"ancestorTitles":["all module service adapter boundaries"],"fullName":"all module service adapter boundaries developer/developer.service.ts has typed mock/live selection through the centralized client","status":"passed","title":"developer/developer.service.ts has typed mock/live selection through the centralized client","duration":17.089500000000044,"failureMessages":[],"meta":{},"tags":[]},{"ancestorTitles":["all module service adapter boundaries"],"fullName":"all module service adapter boundaries operations/operations.service.ts has typed mock/live selection through the centralized client","status":"passed","title":"operations/operations.service.ts has typed mock/live selection through the centralized client","duration":15.432800000000498,"failureMessages":[],"meta":{},"tags":[]},{"ancestorTitles":["all module service adapter boundaries"],"fullName":"all module service adapter boundaries ai/ai.service.ts has typed mock/live selection through the centralized client","status":"passed","title":"ai/ai.service.ts has typed mock/live selection through the centralized client","duration":8.004499999999098,"failureMessages":[],"meta":{},"tags":[]},{"ancestorTitles":["all module service adapter boundaries"],"fullName":"all module service adapter boundaries automation/automation.service.ts has typed mock/live selection through the centralized client","status":"passed","title":"automation/automation.service.ts has typed mock/live selection through the centralized client","duration":10.971700000000055,"failureMessages":[],"meta":{},"tags":[]},{"ancestorTitles":["all module service adapter boundaries"],"fullName":"all module service adapter boundaries marketplace/marketplace.service.ts has typed mock/live selection through the centralized client","status":"passed","title":"marketplace/marketplace.service.ts has typed mock/live selection through the centralized client","duration":9.939099999999598,"failureMessages":[],"meta":{},"tags":[]},{"ancestorTitles":["all module service adapter boundaries"],"fullName":"all module service adapter boundaries reports/reports.service.ts has typed mock/live selection through the centralized client","status":"passed","title":"reports/reports.service.ts has typed mock/live selection through the centralized client","duration":19.845299999999042,"failureMessages":[],"meta":{},"tags":[]},{"ancestorTitles":["all module service adapter boundaries"],"fullName":"all module service adapter boundaries billing/billing.service.ts has typed mock/live selection through the centralized client","status":"passed","title":"billing/billing.service.ts has typed mock/live selection through the centralized client","duration":5.987999999999374,"failureMessages":[],"meta":{},"tags":[]},{"ancestorTitles":["all module service adapter boundaries"],"fullName":"all module service adapter boundaries datasets/datasets.service.ts has typed mock/live selection through the centralized client","status":"passed","title":"datasets/datasets.service.ts has typed mock/live selection through the centralized client","duration":5.589899999999034,"failureMessages":[],"meta":{},"tags":[]},{"ancestorTitles":["all module service adapter boundaries"],"fullName":"all module service adapter boundaries dashboards/dashboards.service.ts has typed mock/live selection through the centralized client","status":"passed","title":"dashboards/dashboards.service.ts has typed mock/live selection through the centralized client","duration":10.59610000000066,"failureMessages":[],"meta":{},"tags":[]},{"ancestorTitles":["all module service adapter boundaries"],"fullName":"all module service adapter boundaries production views do not import concrete mock service implementations","status":"passed","title":"production views do not import concrete mock service implementations","duration":11.667699999999968,"failureMessages":[],"meta":{},"tags":[]},{"ancestorTitles":["all module service adapter boundaries"],"fullName":"all module service adapter boundaries B4 connections use only the live API and contain no production-path mock","status":"passed","title":"B4 connections use only the live API and contain no production-path mock","duration":10.42160000000149,"failureMessages":[],"meta":{},"tags":[]},{"ancestorTitles":["all module service adapter boundaries"],"fullName":"all module service adapter boundaries B6.5 dashboard exports and deliveries use only live APIs","status":"passed","title":"B6.5 dashboard exports and deliveries use only live APIs","duration":2.2872000000006665,"failureMessages":[],"meta":{},"tags":[]},{"ancestorTitles":["all module service adapter boundaries"],"fullName":"all module service adapter boundaries B7 pipelines use only live APIs and durable run endpoints","status":"passed","title":"B7 pipelines use only live APIs and durable run endpoints","duration":12.150800000001254,"failureMessages":[],"meta":{},"tags":[]},{"ancestorTitles":["all module service adapter boundaries"],"fullName":"all module service adapter boundaries B2/B3 administration uses only live tenant and governance APIs","status":"passed","title":"B2/B3 administration uses only live tenant and governance APIs","duration":8.869300000000294,"failureMessages":[],"meta":{},"tags":[]}],"startTime":1786362163502,"endTime":1786362163936.8694,"status":"passed","message":"","name":"C:/Users/MahmoudAlmbaidin/Downloads/VIP/src/shared/services/serviceArchitecture.spec.ts"},{"assertionResults":[{"ancestorTitles":["service factory"],"fullName":"service factory selects the mock adapter in mock mode (test env default)","status":"passed","title":"selects the mock adapter in mock mode (test env default)","duration":2.846799999999348,"failureMessages":[],"meta":{},"tags":[]},{"ancestorTitles":["service factory"],"fullName":"service factory does not construct the live adapter in mock mode","status":"passed","title":"does not construct the live adapter in mock mode","duration":0.38260000000082073,"failureMessages":[],"meta":{},"tags":[]}],"startTime":1786362196144,"endTime":1786362196147.3826,"status":"passed","message":"","name":"C:/Users/MahmoudAlmbaidin/Downloads/VIP/src/shared/services/serviceFactory.spec.ts"},{"assertionResults":[{"ancestorTitles":["env config"],"fullName":"env config defaults to mock mode with sane values","status":"passed","title":"defaults to mock mode with sane values","duration":2.796599999999671,"failureMessages":[],"meta":{},"tags":[]},{"ancestorTitles":["env config"],"fullName":"env config parses live mode with a base url","status":"passed","title":"parses live mode with a base url","duration":0.606499999999869,"failureMessages":[],"meta":{},"tags":[]},{"ancestorTitles":["env config"],"fullName":"env config falls back to mock in dev ONLY with the explicit opt-in flag","status":"passed","title":"falls back to mock in dev ONLY with the explicit opt-in flag","duration":1.6472999999987223,"failureMessages":[],"meta":{},"tags":[]},{"ancestorTitles":["env config"],"fullName":"env config fails closed in dev without the opt-in flag","status":"passed","title":"fails closed in dev without the opt-in flag","duration":0.6334000000006199,"failureMessages":[],"meta":{},"tags":[]},{"ancestorTitles":["env config"],"fullName":"env config fails closed in staging even with the opt-in flag (no silent mock)","status":"passed","title":"fails closed in staging even with the opt-in flag (no silent mock)","duration":0.39140000000043074,"failureMessages":[],"meta":{},"tags":[]},{"ancestorTitles":["env config"],"fullName":"env config throws in production when live has no base url","status":"passed","title":"throws in production when live has no base url","duration":0.27590000000054715,"failureMessages":[],"meta":{},"tags":[]},{"ancestorTitles":["env config"],"fullName":"env config rejects mock services in staging and production","status":"passed","title":"rejects mock services in staging and production","duration":0.3631999999997788,"failureMessages":[],"meta":{},"tags":[]},{"ancestorTitles":["env config"],"fullName":"env config rejects an invalid API mode","status":"passed","title":"rejects an invalid API mode","duration":0.24839999999858264,"failureMessages":[],"meta":{},"tags":[]},{"ancestorTitles":["env config"],"fullName":"env config rejects an invalid app env","status":"passed","title":"rejects an invalid app env","duration":0.2841000000007625,"failureMessages":[],"meta":{},"tags":[]},{"ancestorTitles":["env config"],"fullName":"env config rejects invalid or unsafe live base URLs","status":"passed","title":"rejects invalid or unsafe live base URLs","duration":0.5546999999987747,"failureMessages":[],"meta":{},"tags":[]},{"ancestorTitles":["env config"],"fullName":"env config parses numeric timeout and boolean flags","status":"passed","title":"parses numeric timeout and boolean flags","duration":0.2984999999989668,"failureMessages":[],"meta":{},"tags":[]}],"startTime":1786362196911,"endTime":1786362196919.2986,"status":"passed","message":"","name":"C:/Users/MahmoudAlmbaidin/Downloads/VIP/src/shared/config/env.spec.ts"},{"assertionResults":[{"ancestorTitles":["VipButton"],"fullName":"VipButton renders its label","status":"passed","title":"renders its label","duration":374.106200000002,"failureMessages":[],"meta":{},"tags":[]},{"ancestorTitles":["VipButton"],"fullName":"VipButton emits click when enabled","status":"passed","title":"emits click when enabled","duration":115.95999999999913,"failureMessages":[],"meta":{},"tags":[]},{"ancestorTitles":["VipButton"],"fullName":"VipButton does not emit click when disabled","status":"passed","title":"does not emit click when disabled","duration":11.484599999999773,"failureMessages":[],"meta":{},"tags":[]},{"ancestorTitles":["VipButton"],"fullName":"VipButton does not emit click while loading","status":"passed","title":"does not emit click while loading","duration":10.763800000000629,"failureMessages":[],"meta":{},"tags":[]},{"ancestorTitles":["VipButton"],"fullName":"VipButton applies the variant class","status":"passed","title":"applies the variant class","duration":35.75730000000112,"failureMessages":[],"meta":{},"tags":[]}],"startTime":1786362171893,"endTime":1786362172442.7573,"status":"passed","message":"","name":"C:/Users/MahmoudAlmbaidin/Downloads/VIP/src/shared/ui/VipButton.spec.ts"},{"assertionResults":[{"ancestorTitles":["VipConfirmDialog"],"fullName":"VipConfirmDialog renders title, message and impact when open","status":"passed","title":"renders title, message and impact when open","duration":496.9976999999999,"failureMessages":[],"meta":{},"tags":[]},{"ancestorTitles":["VipConfirmDialog"],"fullName":"VipConfirmDialog emits confirm for a non-typed action","status":"passed","title":"emits confirm for a non-typed action","duration":76.66400000000067,"failureMessages":[],"meta":{},"tags":[]},{"ancestorTitles":["VipConfirmDialog"],"fullName":"VipConfirmDialog gates confirm behind typed confirmation for destructive actions","status":"passed","title":"gates confirm behind typed confirmation for destructive actions","duration":161.4297000000006,"failureMessages":[],"meta":{},"tags":[]},{"ancestorTitles":["VipConfirmDialog"],"fullName":"VipConfirmDialog does not emit confirm while pending and shows the backend error","status":"passed","title":"does not emit confirm while pending and shows the backend error","duration":24.603900000001886,"failureMessages":[],"meta":{},"tags":[]},{"ancestorTitles":["VipConfirmDialog"],"fullName":"VipConfirmDialog emits cancel from the cancel button","status":"passed","title":"emits cancel from the cancel button","duration":59.58130000000165,"failureMessages":[],"meta":{},"tags":[]}],"startTime":1786362174237,"endTime":1786362175056.5813,"status":"passed","message":"","name":"C:/Users/MahmoudAlmbaidin/Downloads/VIP/src/shared/ui/VipConfirmDialog.spec.ts"},{"assertionResults":[{"ancestorTitles":["VipDialog accessibility"],"fullName":"VipDialog accessibility renders dialog semantics when open","status":"passed","title":"renders dialog semantics when open","duration":355.1126000000004,"failureMessages":[],"meta":{},"tags":[]},{"ancestorTitles":["VipDialog accessibility"],"fullName":"VipDialog accessibility emits close when the close button is activated","status":"passed","title":"emits close when the close button is activated","duration":22.08599999999933,"failureMessages":[],"meta":{},"tags":[]},{"ancestorTitles":["VipDialog accessibility"],"fullName":"VipDialog accessibility does not render content when closed","status":"passed","title":"does not render content when closed","duration":6.325999999997293,"failureMessages":[],"meta":{},"tags":[]}],"startTime":1786362171875,"endTime":1786362172259.326,"status":"passed","message":"","name":"C:/Users/MahmoudAlmbaidin/Downloads/VIP/src/shared/ui/VipDialog.spec.ts"},{"assertionResults":[{"ancestorTitles":["VipLogo"],"fullName":"VipLogo renders the cube mark as inline SVG (no external image request)","status":"passed","title":"renders the cube mark as inline SVG (no external image request)","duration":391.71749999999884,"failureMessages":[],"meta":{},"tags":[]},{"ancestorTitles":["VipLogo"],"fullName":"VipLogo shows the VIP wordmark for full/auto and hides it for icon","status":"passed","title":"shows the VIP wordmark for full/auto and hides it for icon","duration":114.83329999999842,"failureMessages":[],"meta":{},"tags":[]},{"ancestorTitles":["VipLogo"],"fullName":"VipLogo is a labeled image by default and decorative when asked","status":"passed","title":"is a labeled image by default and decorative when asked","duration":25.200000000000728,"failureMessages":[],"meta":{},"tags":[]},{"ancestorTitles":["VipLogo"],"fullName":"VipLogo honors a custom accessible label","status":"passed","title":"honors a custom accessible label","duration":11.91939999999886,"failureMessages":[],"meta":{},"tags":[]},{"ancestorTitles":["VipLogo"],"fullName":"VipLogo renders a square, non-distorted mark sized by the size token","status":"passed","title":"renders a square, non-distorted mark sized by the size token","duration":91.97550000000047,"failureMessages":[],"meta":{},"tags":[]},{"ancestorTitles":["VipLogo"],"fullName":"VipLogo supports an explicit pixel height override","status":"passed","title":"supports an explicit pixel height override","duration":23.982300000003306,"failureMessages":[],"meta":{},"tags":[]},{"ancestorTitles":["VipLogo"],"fullName":"VipLogo gives gradients unique ids for co-located instances (no def collisions)","status":"passed","title":"gives gradients unique ids for co-located instances (no def collisions)","duration":43.40099999999802,"failureMessages":[],"meta":{},"tags":[]}],"startTime":1786362170585,"endTime":1786362171290.401,"status":"passed","message":"","name":"C:/Users/MahmoudAlmbaidin/Downloads/VIP/src/shared/ui/VipLogo.spec.ts"},{"assertionResults":[{"ancestorTitles":["VipMenu"],"fullName":"VipMenu is closed initially and opens on trigger click","status":"passed","title":"is closed initially and opens on trigger click","duration":523.463200000002,"failureMessages":[],"meta":{},"tags":[]},{"ancestorTitles":["VipMenu"],"fullName":"VipMenu renders items, dividers and the destructive Delete action","status":"passed","title":"renders items, dividers and the destructive Delete action","duration":192.13190000000031,"failureMessages":[],"meta":{},"tags":[]},{"ancestorTitles":["VipMenu"],"fullName":"VipMenu emits select with the item key and closes","status":"passed","title":"emits select with the item key and closes","duration":150.84029999999984,"failureMessages":[],"meta":{},"tags":[]},{"ancestorTitles":["VipMenu"],"fullName":"VipMenu does not emit for a disabled item","status":"passed","title":"does not emit for a disabled item","duration":83.4822000000022,"failureMessages":[],"meta":{},"tags":[]},{"ancestorTitles":["VipMenu"],"fullName":"VipMenu closes on Escape","status":"passed","title":"closes on Escape","duration":50.75650000000314,"failureMessages":[],"meta":{},"tags":[]}],"startTime":1786362171902,"endTime":1786362172903.7566,"status":"passed","message":"","name":"C:/Users/MahmoudAlmbaidin/Downloads/VIP/src/shared/ui/VipMenu.spec.ts"},{"assertionResults":[{"ancestorTitles":["normalized error model"],"fullName":"normalized error model maps HTTP status codes to categories","status":"passed","title":"maps HTTP status codes to categories","duration":2.4294999999992797,"failureMessages":[],"meta":{},"tags":[]},{"ancestorTitles":["normalized error model"],"fullName":"normalized error model builds a friendly, safe message per category","status":"passed","title":"builds a friendly, safe message per category","duration":0.9572000000007392,"failureMessages":[],"meta":{},"tags":[]},{"ancestorTitles":["normalized error model"],"fullName":"normalized error model marks transient errors retryable and client errors not","status":"passed","title":"marks transient errors retryable and client errors not","duration":0.40159999999923457,"failureMessages":[],"meta":{},"tags":[]},{"ancestorTitles":["normalized error model"],"fullName":"normalized error model normalizes arbitrary throwables via from()","status":"passed","title":"normalizes arbitrary throwables via from()","duration":0.6496000000006461,"failureMessages":[],"meta":{},"tags":[]},{"ancestorTitles":["normalized error model"],"fullName":"normalized error model always carries a correlation id","status":"passed","title":"always carries a correlation id","duration":0.3050999999995838,"failureMessages":[],"meta":{},"tags":[]}],"startTime":1786362197959,"endTime":1786362197964.3052,"status":"passed","message":"","name":"C:/Users/MahmoudAlmbaidin/Downloads/VIP/src/shared/types/api.spec.ts"},{"assertionResults":[{"ancestorTitles":["toQuery (widget → semantic query)"],"fullName":"toQuery (widget → semantic query) maps axis + values wells into dimensions and measures","status":"passed","title":"maps axis + values wells into dimensions and measures","duration":9.597099999999045,"failureMessages":[],"meta":{},"tags":[]},{"ancestorTitles":["toQuery (widget → semantic query)"],"fullName":"toQuery (widget → semantic query) merges cross-filters into the query filters","status":"passed","title":"merges cross-filters into the query filters","duration":1.229299999999057,"failureMessages":[],"meta":{},"tags":[]},{"ancestorTitles":["toQuery (widget → semantic query)"],"fullName":"toQuery (widget → semantic query) deduplicates dimensions across wells","status":"passed","title":"deduplicates dimensions across wells","duration":0.9236000000000786,"failureMessages":[],"meta":{},"tags":[]}],"startTime":1786362190133,"endTime":1786362190145.9236,"status":"passed","message":"","name":"C:/Users/MahmoudAlmbaidin/Downloads/VIP/src/shared/types/dashboard.spec.ts"},{"assertionResults":[{"ancestorTitles":["MapChart"],"fullName":"MapChart renders geospatial points with accessible labels and clamps invalid coordinates","status":"passed","title":"renders geospatial points with accessible labels and clamps invalid coordinates","duration":208.6925999999985,"failureMessages":[],"meta":{},"tags":[]}],"startTime":1786362171340,"endTime":1786362171548.6926,"status":"passed","message":"","name":"C:/Users/MahmoudAlmbaidin/Downloads/VIP/src/shared/viz/MapChart.spec.ts"},{"assertionResults":[{"ancestorTitles":["governance gates"],"fullName":"governance gates renders authorized content","status":"passed","title":"renders authorized content","duration":338.7596000000012,"failureMessages":[],"meta":{},"tags":[]},{"ancestorTitles":["governance gates"],"fullName":"governance gates renders authorized content","status":"passed","title":"renders authorized content","duration":10.253500000002532,"failureMessages":[],"meta":{},"tags":[]},{"ancestorTitles":["governance gates"],"fullName":"governance gates renders authorized content","status":"passed","title":"renders authorized content","duration":11.674199999997654,"failureMessages":[],"meta":{},"tags":[]},{"ancestorTitles":["governance gates"],"fullName":"governance gates renders authorized content","status":"passed","title":"renders authorized content","duration":21.06840000000011,"failureMessages":[],"meta":{},"tags":[]},{"ancestorTitles":["governance gates"],"fullName":"governance gates renders fallback content when denied","status":"passed","title":"renders fallback content when denied","duration":68.25150000000212,"failureMessages":[],"meta":{},"tags":[]}],"startTime":1786362174359,"endTime":1786362174810.2515,"status":"passed","message":"","name":"C:/Users/MahmoudAlmbaidin/Downloads/VIP/src/shared/authorization/gates.spec.ts"},{"assertionResults":[{"ancestorTitles":["tenancy API service"],"fullName":"tenancy API service uses real organization and scoped workspace endpoints","status":"passed","title":"uses real organization and scoped workspace endpoints","duration":82.07179999999971,"failureMessages":[],"meta":{},"tags":[]},{"ancestorTitles":["tenancy API service"],"fullName":"tenancy API service persists organization and workspace mutations through tenant-scoped endpoints","status":"passed","title":"persists organization and workspace mutations through tenant-scoped endpoints","duration":107.82600000000093,"failureMessages":[],"meta":{},"tags":[]}],"startTime":1786362169241,"endTime":1786362169430.826,"status":"passed","message":"","name":"C:/Users/MahmoudAlmbaidin/Downloads/VIP/src/shared/services/tenancy/apiTenancyService.spec.ts"},{"assertionResults":[{"ancestorTitles":["API authentication adapter"],"fullName":"API authentication adapter maps backend login without exposing tokens","status":"passed","title":"maps backend login without exposing tokens","duration":19.043000000001484,"failureMessages":[],"meta":{},"tags":[]},{"ancestorTitles":["API authentication adapter"],"fullName":"API authentication adapter bootstraps from /auth/me","status":"passed","title":"bootstraps from /auth/me","duration":4.83640000000014,"failureMessages":[],"meta":{},"tags":[]},{"ancestorTitles":["API authentication adapter"],"fullName":"API authentication adapter calls logout and refresh endpoints","status":"passed","title":"calls logout and refresh endpoints","duration":1.7692000000006374,"failureMessages":[],"meta":{},"tags":[]},{"ancestorTitles":["API authentication adapter"],"fullName":"API authentication adapter surfaces the forced-change flag from the session","status":"passed","title":"surfaces the forced-change flag from the session","duration":1.0023999999993976,"failureMessages":[],"meta":{},"tags":[]},{"ancestorTitles":["API authentication adapter"],"fullName":"API authentication adapter requests a password reset via the non-disclosing endpoint","status":"passed","title":"requests a password reset via the non-disclosing endpoint","duration":1.841099999999642,"failureMessages":[],"meta":{},"tags":[]},{"ancestorTitles":["API authentication adapter"],"fullName":"API authentication adapter confirms a password reset with token + new password (snake_case body)","status":"passed","title":"confirms a password reset with token + new password (snake_case body)","duration":1.1964000000007218,"failureMessages":[],"meta":{},"tags":[]},{"ancestorTitles":["API authentication adapter"],"fullName":"API authentication adapter changes the current password (snake_case body)","status":"passed","title":"changes the current password (snake_case body)","duration":6.1415000000015425,"failureMessages":[],"meta":{},"tags":[]}],"startTime":1786362168454,"endTime":1786362168490.1416,"status":"passed","message":"","name":"C:/Users/MahmoudAlmbaidin/Downloads/VIP/src/shared/services/auth/apiAuthService.spec.ts"},{"assertionResults":[{"ancestorTitles":["governance API service"],"fullName":"governance API service loads authorization context without retries","status":"passed","title":"loads authorization context without retries","duration":15.606700000000274,"failureMessages":[],"meta":{},"tags":[]},{"ancestorTitles":["governance API service"],"fullName":"governance API service loads roles from the protected backend catalog","status":"passed","title":"loads roles from the protected backend catalog","duration":5.9091000000007625,"failureMessages":[],"meta":{},"tags":[]}],"startTime":1786362187470,"endTime":1786362187490.9092,"status":"passed","message":"","name":"C:/Users/MahmoudAlmbaidin/Downloads/VIP/src/shared/services/governance/apiGovernanceService.spec.ts"},{"assertionResults":[{"ancestorTitles":["live governance audit service"],"fullName":"live governance audit service loads the B3 audit endpoint and maps only safe persisted fields","status":"passed","title":"loads the B3 audit endpoint and maps only safe persisted fields","duration":24.323899999999412,"failureMessages":[],"meta":{},"tags":[]}],"startTime":1786362169608,"endTime":1786362169632.324,"status":"passed","message":"","name":"C:/Users/MahmoudAlmbaidin/Downloads/VIP/src/shared/services/governance/auditService.spec.ts"}]}